2025-06-02 16:19:09,677 INFO: [31m[1mWARNING: This is a development server. Do not use it in a production deployment. Use a production WSGI server instead.[0m
 * Running on http://127.0.0.1:5000
2025-06-02 16:19:09,677 INFO: [33mPress CTRL+C to quit[0m
2025-06-02 16:19:29,589 INFO: 127.0.0.1 - - [02/Jun/2025 16:19:29] "GET / HTTP/1.1" 200 -
2025-06-02 16:19:29,681 INFO: 127.0.0.1 - - [02/Jun/2025 16:19:29] "[36mGET /static/images/rosarina.png HTTP/1.1[0m" 304 -
2025-06-02 16:19:29,686 INFO: 127.0.0.1 - - [02/Jun/2025 16:19:29] "[36mGET /static/images/juanlacaze.png HTTP/1.1[0m" 304 -
2025-06-02 16:19:29,693 INFO: 127.0.0.1 - - [02/Jun/2025 16:19:29] "[36mGET /static/images/CEEC.png HTTP/1.1[0m" 304 -
2025-06-02 16:19:29,705 INFO: 127.0.0.1 - - [02/Jun/2025 16:19:29] "[36mGET /static/images/elparque.png HTTP/1.1[0m" 304 -
2025-06-02 16:19:29,708 INFO: 127.0.0.1 - - [02/Jun/2025 16:19:29] "[36mGET /static/images/independiente.png HTTP/1.1[0m" 304 -
2025-06-02 16:19:29,714 INFO: 127.0.0.1 - - [02/Jun/2025 16:19:29] "[36mGET /static/images/rosario_atletico.png HTTP/1.1[0m" 304 -
2025-06-02 16:19:29,720 INFO: 127.0.0.1 - - [02/Jun/2025 16:19:29] "[36mGET /static/images/pe√±arol.png HTTP/1.1[0m" 304 -
2025-06-02 16:19:29,724 INFO: 127.0.0.1 - - [02/Jun/2025 16:19:29] "[36mGET /static/images/reformers.png HTTP/1.1[0m" 304 -
2025-06-02 16:19:29,732 INFO: 127.0.0.1 - - [02/Jun/2025 16:19:29] "[36mGET /static/images/CEEC.png HTTP/1.1[0m" 304 -
2025-06-02 16:19:29,735 INFO: 127.0.0.1 - - [02/Jun/2025 16:19:29] "[36mGET /static/images/rosario_atletico.png HTTP/1.1[0m" 304 -
2025-06-02 16:19:29,740 INFO: 127.0.0.1 - - [02/Jun/2025 16:19:29] "[36mGET /static/images/elparque.png HTTP/1.1[0m" 304 -
2025-06-02 16:19:29,747 INFO: 127.0.0.1 - - [02/Jun/2025 16:19:29] "[36mGET /static/images/independiente.png HTTP/1.1[0m" 304 -
2025-06-02 16:19:29,749 INFO: 127.0.0.1 - - [02/Jun/2025 16:19:29] "[36mGET /static/images/pe√±arol.png HTTP/1.1[0m" 304 -
2025-06-02 16:19:29,755 INFO: 127.0.0.1 - - [02/Jun/2025 16:19:29] "[36mGET /static/images/reformers.png HTTP/1.1[0m" 304 -
2025-06-02 16:20:35,969 INFO: 127.0.0.1 - - [02/Jun/2025 16:20:35] "GET / HTTP/1.1" 200 -
2025-06-02 16:20:35,991 INFO: 127.0.0.1 - - [02/Jun/2025 16:20:35] "[36mGET /static/images/rosarina.png HTTP/1.1[0m" 304 -
2025-06-02 16:20:35,999 INFO: 127.0.0.1 - - [02/Jun/2025 16:20:35] "[36mGET /static/images/elparque.png HTTP/1.1[0m" 304 -
2025-06-02 16:20:36,000 INFO: 127.0.0.1 - - [02/Jun/2025 16:20:36] "[36mGET /static/images/juanlacaze.png HTTP/1.1[0m" 304 -
2025-06-02 16:20:36,000 INFO: 127.0.0.1 - - [02/Jun/2025 16:20:36] "[36mGET /static/images/independiente.png HTTP/1.1[0m" 304 -
2025-06-02 16:20:36,001 INFO: 127.0.0.1 - - [02/Jun/2025 16:20:36] "[36mGET /static/images/CEEC.png HTTP/1.1[0m" 304 -
2025-06-02 16:20:36,003 INFO: 127.0.0.1 - - [02/Jun/2025 16:20:36] "[36mGET /static/images/pe√±arol.png HTTP/1.1[0m" 304 -
2025-06-02 16:20:36,004 INFO: 127.0.0.1 - - [02/Jun/2025 16:20:36] "[36mGET /static/images/rosario_atletico.png HTTP/1.1[0m" 304 -
2025-06-02 16:20:36,004 INFO: 127.0.0.1 - - [02/Jun/2025 16:20:36] "[36mGET /static/images/reformers.png HTTP/1.1[0m" 304 -
2025-06-02 16:20:38,005 INFO: 127.0.0.1 - - [02/Jun/2025 16:20:38] "GET / HTTP/1.1" 200 -
2025-06-02 16:20:38,028 INFO: 127.0.0.1 - - [02/Jun/2025 16:20:38] "[36mGET /static/images/rosarina.png HTTP/1.1[0m" 304 -
2025-06-02 16:20:38,033 INFO: 127.0.0.1 - - [02/Jun/2025 16:20:38] "[36mGET /static/images/juanlacaze.png HTTP/1.1[0m" 304 -
2025-06-02 16:20:38,037 INFO: 127.0.0.1 - - [02/Jun/2025 16:20:38] "[36mGET /static/images/CEEC.png HTTP/1.1[0m" 304 -
2025-06-02 16:20:38,038 INFO: 127.0.0.1 - - [02/Jun/2025 16:20:38] "[36mGET /static/images/rosario_atletico.png HTTP/1.1[0m" 304 -
2025-06-02 16:20:38,038 INFO: 127.0.0.1 - - [02/Jun/2025 16:20:38] "[36mGET /static/images/elparque.png HTTP/1.1[0m" 304 -
2025-06-02 16:20:38,040 INFO: 127.0.0.1 - - [02/Jun/2025 16:20:38] "[36mGET /static/images/pe√±arol.png HTTP/1.1[0m" 304 -
2025-06-02 16:20:38,041 INFO: 127.0.0.1 - - [02/Jun/2025 16:20:38] "[36mGET /static/images/independiente.png HTTP/1.1[0m" 304 -
2025-06-02 16:20:38,041 INFO: 127.0.0.1 - - [02/Jun/2025 16:20:38] "[36mGET /static/images/reformers.png HTTP/1.1[0m" 304 -
2025-06-02 16:20:41,134 INFO: 127.0.0.1 - - [02/Jun/2025 16:20:41] "[32mGET /logout HTTP/1.1[0m" 302 -
2025-06-02 16:20:41,142 INFO: 127.0.0.1 - - [02/Jun/2025 16:20:41] "GET / HTTP/1.1" 200 -
2025-06-02 16:20:41,164 INFO: 127.0.0.1 - - [02/Jun/2025 16:20:41] "[36mGET /static/images/rosarina.png HTTP/1.1[0m" 304 -
2025-06-02 16:20:41,165 INFO: 127.0.0.1 - - [02/Jun/2025 16:20:41] "[36mGET /static/images/juanlacaze.png HTTP/1.1[0m" 304 -
2025-06-02 16:20:41,176 INFO: 127.0.0.1 - - [02/Jun/2025 16:20:41] "[36mGET /static/images/elparque.png HTTP/1.1[0m" 304 -
2025-06-02 16:20:41,176 INFO: 127.0.0.1 - - [02/Jun/2025 16:20:41] "[36mGET /static/images/CEEC.png HTTP/1.1[0m" 304 -
2025-06-02 16:20:41,177 INFO: 127.0.0.1 - - [02/Jun/2025 16:20:41] "[36mGET /static/images/independiente.png HTTP/1.1[0m" 304 -
2025-06-02 16:20:41,178 INFO: 127.0.0.1 - - [02/Jun/2025 16:20:41] "[36mGET /static/images/pe√±arol.png HTTP/1.1[0m" 304 -
2025-06-02 16:20:41,178 INFO: 127.0.0.1 - - [02/Jun/2025 16:20:41] "[36mGET /static/images/rosario_atletico.png HTTP/1.1[0m" 304 -
2025-06-02 16:20:41,180 INFO: 127.0.0.1 - - [02/Jun/2025 16:20:41] "[36mGET /static/images/reformers.png HTTP/1.1[0m" 304 -
2025-06-02 16:20:46,492 INFO: [31m[1mWARNING: This is a development server. Do not use it in a production deployment. Use a production WSGI server instead.[0m
 * Running on http://127.0.0.1:5000
2025-06-02 16:20:46,492 INFO: [33mPress CTRL+C to quit[0m
2025-06-02 16:20:49,255 INFO: 127.0.0.1 - - [02/Jun/2025 16:20:49] "GET / HTTP/1.1" 200 -
2025-06-02 16:20:49,283 INFO: 127.0.0.1 - - [02/Jun/2025 16:20:49] "[36mGET /static/images/rosarina.png HTTP/1.1[0m" 304 -
2025-06-02 16:20:49,284 INFO: 127.0.0.1 - - [02/Jun/2025 16:20:49] "[36mGET /static/images/elparque.png HTTP/1.1[0m" 304 -
2025-06-02 16:20:49,284 INFO: 127.0.0.1 - - [02/Jun/2025 16:20:49] "[36mGET /static/images/juanlacaze.png HTTP/1.1[0m" 304 -
2025-06-02 16:20:49,284 INFO: 127.0.0.1 - - [02/Jun/2025 16:20:49] "[36mGET /static/images/CEEC.png HTTP/1.1[0m" 304 -
2025-06-02 16:20:49,286 INFO: 127.0.0.1 - - [02/Jun/2025 16:20:49] "[36mGET /static/images/independiente.png HTTP/1.1[0m" 304 -
2025-06-02 16:20:49,287 INFO: 127.0.0.1 - - [02/Jun/2025 16:20:49] "[36mGET /static/images/rosario_atletico.png HTTP/1.1[0m" 304 -
2025-06-02 16:20:49,288 INFO: 127.0.0.1 - - [02/Jun/2025 16:20:49] "[36mGET /static/images/pe√±arol.png HTTP/1.1[0m" 304 -
2025-06-02 16:20:49,291 INFO: 127.0.0.1 - - [02/Jun/2025 16:20:49] "[36mGET /static/images/reformers.png HTTP/1.1[0m" 304 -
2025-06-02 16:20:54,622 INFO: 127.0.0.1 - - [02/Jun/2025 16:20:54] "GET /estadisticas HTTP/1.1" 200 -
2025-06-02 16:20:54,644 INFO: 127.0.0.1 - - [02/Jun/2025 16:20:54] "[36mGET /static/images/rosarina.png HTTP/1.1[0m" 304 -
2025-06-02 16:20:54,649 INFO: 127.0.0.1 - - [02/Jun/2025 16:20:54] "[36mGET /static/images/juanlacaze.png HTTP/1.1[0m" 304 -
2025-06-02 16:20:54,653 INFO: 127.0.0.1 - - [02/Jun/2025 16:20:54] "[36mGET /static/images/CEEC.png HTTP/1.1[0m" 304 -
2025-06-02 16:20:54,653 INFO: 127.0.0.1 - - [02/Jun/2025 16:20:54] "[36mGET /static/images/elparque.png HTTP/1.1[0m" 304 -
2025-06-02 16:20:54,655 INFO: 127.0.0.1 - - [02/Jun/2025 16:20:54] "[36mGET /static/images/rosario_atletico.png HTTP/1.1[0m" 304 -
2025-06-02 16:20:54,656 INFO: 127.0.0.1 - - [02/Jun/2025 16:20:54] "[36mGET /static/images/independiente.png HTTP/1.1[0m" 304 -
2025-06-02 16:20:54,658 INFO: 127.0.0.1 - - [02/Jun/2025 16:20:54] "[36mGET /static/images/reformers.png HTTP/1.1[0m" 304 -
2025-06-02 16:20:54,658 INFO: 127.0.0.1 - - [02/Jun/2025 16:20:54] "[36mGET /static/images/pe√±arol.png HTTP/1.1[0m" 304 -
2025-06-02 16:21:14,152 INFO: 127.0.0.1 - - [02/Jun/2025 16:21:14] "GET / HTTP/1.1" 200 -
2025-06-02 16:21:14,174 INFO: 127.0.0.1 - - [02/Jun/2025 16:21:14] "[36mGET /static/images/rosarina.png HTTP/1.1[0m" 304 -
2025-06-02 16:21:14,176 INFO: 127.0.0.1 - - [02/Jun/2025 16:21:14] "[36mGET /static/images/juanlacaze.png HTTP/1.1[0m" 304 -
2025-06-02 16:21:14,182 INFO: 127.0.0.1 - - [02/Jun/2025 16:21:14] "[36mGET /static/images/independiente.png HTTP/1.1[0m" 304 -
2025-06-02 16:21:14,183 INFO: 127.0.0.1 - - [02/Jun/2025 16:21:14] "[36mGET /static/images/CEEC.png HTTP/1.1[0m" 304 -
2025-06-02 16:21:14,184 INFO: 127.0.0.1 - - [02/Jun/2025 16:21:14] "[36mGET /static/images/pe√±arol.png HTTP/1.1[0m" 304 -
2025-06-02 16:21:14,185 INFO: 127.0.0.1 - - [02/Jun/2025 16:21:14] "[36mGET /static/images/elparque.png HTTP/1.1[0m" 304 -
2025-06-02 16:21:14,185 INFO: 127.0.0.1 - - [02/Jun/2025 16:21:14] "[36mGET /static/images/reformers.png HTTP/1.1[0m" 304 -
2025-06-02 16:21:14,186 INFO: 127.0.0.1 - - [02/Jun/2025 16:21:14] "[36mGET /static/images/rosario_atletico.png HTTP/1.1[0m" 304 -
2025-06-02 16:21:33,908 INFO: 127.0.0.1 - - [02/Jun/2025 16:21:33] "GET /estadisticas HTTP/1.1" 200 -
2025-06-02 16:21:33,943 INFO: 127.0.0.1 - - [02/Jun/2025 16:21:33] "[36mGET /static/images/rosarina.png HTTP/1.1[0m" 304 -
2025-06-02 16:21:33,943 INFO: 127.0.0.1 - - [02/Jun/2025 16:21:33] "[36mGET /static/images/juanlacaze.png HTTP/1.1[0m" 304 -
2025-06-02 16:21:33,944 INFO: 127.0.0.1 - - [02/Jun/2025 16:21:33] "[36mGET /static/images/elparque.png HTTP/1.1[0m" 304 -
2025-06-02 16:21:33,947 INFO: 127.0.0.1 - - [02/Jun/2025 16:21:33] "[36mGET /static/images/CEEC.png HTTP/1.1[0m" 304 -
2025-06-02 16:21:33,947 INFO: 127.0.0.1 - - [02/Jun/2025 16:21:33] "[36mGET /static/images/rosario_atletico.png HTTP/1.1[0m" 304 -
2025-06-02 16:21:33,948 INFO: 127.0.0.1 - - [02/Jun/2025 16:21:33] "[36mGET /static/images/independiente.png HTTP/1.1[0m" 304 -
2025-06-02 16:21:33,955 INFO: 127.0.0.1 - - [02/Jun/2025 16:21:33] "[36mGET /static/images/pe√±arol.png HTTP/1.1[0m" 304 -
2025-06-02 16:21:33,955 INFO: 127.0.0.1 - - [02/Jun/2025 16:21:33] "[36mGET /static/images/reformers.png HTTP/1.1[0m" 304 -
2025-06-02 16:22:17,216 INFO: 127.0.0.1 - - [02/Jun/2025 16:22:17] "GET / HTTP/1.1" 200 -
2025-06-02 16:22:17,253 INFO: 127.0.0.1 - - [02/Jun/2025 16:22:17] "[36mGET /static/images/juanlacaze.png HTTP/1.1[0m" 304 -
2025-06-02 16:22:17,254 INFO: 127.0.0.1 - - [02/Jun/2025 16:22:17] "[36mGET /static/images/CEEC.png HTTP/1.1[0m" 304 -
2025-06-02 16:22:17,255 INFO: 127.0.0.1 - - [02/Jun/2025 16:22:17] "[36mGET /static/images/rosarina.png HTTP/1.1[0m" 304 -
2025-06-02 16:22:17,257 INFO: 127.0.0.1 - - [02/Jun/2025 16:22:17] "[36mGET /static/images/elparque.png HTTP/1.1[0m" 304 -
2025-06-02 16:22:17,258 INFO: 127.0.0.1 - - [02/Jun/2025 16:22:17] "[36mGET /static/images/independiente.png HTTP/1.1[0m" 304 -
2025-06-02 16:22:17,262 INFO: 127.0.0.1 - - [02/Jun/2025 16:22:17] "[36mGET /static/images/rosario_atletico.png HTTP/1.1[0m" 304 -
2025-06-02 16:22:17,266 INFO: 127.0.0.1 - - [02/Jun/2025 16:22:17] "[36mGET /static/images/pe√±arol.png HTTP/1.1[0m" 304 -
2025-06-02 16:22:17,267 INFO: 127.0.0.1 - - [02/Jun/2025 16:22:17] "[36mGET /static/images/reformers.png HTTP/1.1[0m" 304 -
2025-06-02 16:22:21,356 INFO: [31m[1mWARNING: This is a development server. Do not use it in a production deployment. Use a production WSGI server instead.[0m
 * Running on http://127.0.0.1:5000
2025-06-02 16:22:21,356 INFO: [33mPress CTRL+C to quit[0m
2025-06-02 16:22:22,702 INFO: 127.0.0.1 - - [02/Jun/2025 16:22:22] "GET / HTTP/1.1" 200 -
2025-06-02 16:22:22,734 INFO: 127.0.0.1 - - [02/Jun/2025 16:22:22] "[36mGET /static/images/rosarina.png HTTP/1.1[0m" 304 -
2025-06-02 16:22:22,734 INFO: 127.0.0.1 - - [02/Jun/2025 16:22:22] "[36mGET /static/images/juanlacaze.png HTTP/1.1[0m" 304 -
2025-06-02 16:22:22,736 INFO: 127.0.0.1 - - [02/Jun/2025 16:22:22] "[36mGET /static/images/CEEC.png HTTP/1.1[0m" 304 -
2025-06-02 16:22:22,741 INFO: 127.0.0.1 - - [02/Jun/2025 16:22:22] "[36mGET /static/images/independiente.png HTTP/1.1[0m" 304 -
2025-06-02 16:22:22,742 INFO: 127.0.0.1 - - [02/Jun/2025 16:22:22] "[36mGET /static/images/elparque.png HTTP/1.1[0m" 304 -
2025-06-02 16:22:22,742 INFO: 127.0.0.1 - - [02/Jun/2025 16:22:22] "[36mGET /static/images/rosario_atletico.png HTTP/1.1[0m" 304 -
2025-06-02 16:22:22,745 INFO: 127.0.0.1 - - [02/Jun/2025 16:22:22] "[36mGET /static/images/pe√±arol.png HTTP/1.1[0m" 304 -
2025-06-02 16:22:22,746 INFO: 127.0.0.1 - - [02/Jun/2025 16:22:22] "[36mGET /static/images/reformers.png HTTP/1.1[0m" 304 -
2025-06-02 16:22:25,468 INFO: 127.0.0.1 - - [02/Jun/2025 16:22:25] "GET /estadisticas HTTP/1.1" 200 -
2025-06-02 16:22:25,502 INFO: 127.0.0.1 - - [02/Jun/2025 16:22:25] "[36mGET /static/images/rosarina.png HTTP/1.1[0m" 304 -
2025-06-02 16:22:25,504 INFO: 127.0.0.1 - - [02/Jun/2025 16:22:25] "[36mGET /static/images/juanlacaze.png HTTP/1.1[0m" 304 -
2025-06-02 16:22:25,505 INFO: 127.0.0.1 - - [02/Jun/2025 16:22:25] "[36mGET /static/images/CEEC.png HTTP/1.1[0m" 304 -
2025-06-02 16:22:25,508 INFO: 127.0.0.1 - - [02/Jun/2025 16:22:25] "[36mGET /static/images/elparque.png HTTP/1.1[0m" 304 -
2025-06-02 16:22:25,510 INFO: 127.0.0.1 - - [02/Jun/2025 16:22:25] "[36mGET /static/images/independiente.png HTTP/1.1[0m" 304 -
2025-06-02 16:22:25,512 INFO: 127.0.0.1 - - [02/Jun/2025 16:22:25] "[36mGET /static/images/reformers.png HTTP/1.1[0m" 304 -
2025-06-02 16:22:25,513 INFO: 127.0.0.1 - - [02/Jun/2025 16:22:25] "[36mGET /static/images/rosario_atletico.png HTTP/1.1[0m" 304 -
2025-06-02 16:22:25,516 INFO: 127.0.0.1 - - [02/Jun/2025 16:22:25] "[36mGET /static/images/pe√±arol.png HTTP/1.1[0m" 304 -
2025-06-02 16:23:46,401 INFO: 127.0.0.1 - - [02/Jun/2025 16:23:46] "GET /login HTTP/1.1" 200 -
2025-06-02 16:23:46,440 INFO: 127.0.0.1 - - [02/Jun/2025 16:23:46] "[36mGET /static/images/juanlacaze.png HTTP/1.1[0m" 304 -
2025-06-02 16:23:46,441 INFO: 127.0.0.1 - - [02/Jun/2025 16:23:46] "[36mGET /static/images/rosarina.png HTTP/1.1[0m" 304 -
2025-06-02 16:23:47,626 INFO: 127.0.0.1 - - [02/Jun/2025 16:23:47] "[32mPOST /login HTTP/1.1[0m" 302 -
2025-06-02 16:23:47,636 INFO: 127.0.0.1 - - [02/Jun/2025 16:23:47] "GET / HTTP/1.1" 200 -
2025-06-02 16:23:47,668 INFO: 127.0.0.1 - - [02/Jun/2025 16:23:47] "[36mGET /static/images/rosarina.png HTTP/1.1[0m" 304 -
2025-06-02 16:23:47,671 INFO: 127.0.0.1 - - [02/Jun/2025 16:23:47] "[36mGET /static/images/juanlacaze.png HTTP/1.1[0m" 304 -
2025-06-02 16:23:47,672 INFO: 127.0.0.1 - - [02/Jun/2025 16:23:47] "[36mGET /static/images/CEEC.png HTTP/1.1[0m" 304 -
2025-06-02 16:23:47,673 INFO: 127.0.0.1 - - [02/Jun/2025 16:23:47] "[36mGET /static/images/elparque.png HTTP/1.1[0m" 304 -
2025-06-02 16:23:47,675 INFO: 127.0.0.1 - - [02/Jun/2025 16:23:47] "[36mGET /static/images/independiente.png HTTP/1.1[0m" 304 -
2025-06-02 16:23:47,676 INFO: 127.0.0.1 - - [02/Jun/2025 16:23:47] "[36mGET /static/images/rosario_atletico.png HTTP/1.1[0m" 304 -
2025-06-02 16:23:47,678 INFO: 127.0.0.1 - - [02/Jun/2025 16:23:47] "[36mGET /static/images/pe√±arol.png HTTP/1.1[0m" 304 -
2025-06-02 16:23:47,679 INFO: 127.0.0.1 - - [02/Jun/2025 16:23:47] "[36mGET /static/images/reformers.png HTTP/1.1[0m" 304 -
2025-06-02 16:23:51,968 INFO: 127.0.0.1 - - [02/Jun/2025 16:23:51] "GET /ingresar-resultado HTTP/1.1" 200 -
2025-06-02 16:23:51,995 INFO: 127.0.0.1 - - [02/Jun/2025 16:23:51] "[36mGET /static/images/rosarina.png HTTP/1.1[0m" 304 -
2025-06-02 16:23:51,995 INFO: 127.0.0.1 - - [02/Jun/2025 16:23:51] "[36mGET /static/images/juanlacaze.png HTTP/1.1[0m" 304 -
2025-06-02 16:23:53,873 INFO: 127.0.0.1 - - [02/Jun/2025 16:23:53] "GET /ingresar-resultado?fecha=5 HTTP/1.1" 200 -
2025-06-02 16:23:53,906 INFO: 127.0.0.1 - - [02/Jun/2025 16:23:53] "[36mGET /static/images/rosarina.png HTTP/1.1[0m" 304 -
2025-06-02 16:23:53,908 INFO: 127.0.0.1 - - [02/Jun/2025 16:23:53] "[36mGET /static/images/juanlacaze.png HTTP/1.1[0m" 304 -
2025-06-02 16:23:53,914 INFO: 127.0.0.1 - - [02/Jun/2025 16:23:53] "[36mGET /static/images/rosario_atletico.png HTTP/1.1[0m" 304 -
2025-06-02 16:23:53,915 INFO: 127.0.0.1 - - [02/Jun/2025 16:23:53] "[36mGET /static/images/reformers.png HTTP/1.1[0m" 304 -
2025-06-02 16:23:53,916 INFO: 127.0.0.1 - - [02/Jun/2025 16:23:53] "[36mGET /static/images/elparque.png HTTP/1.1[0m" 304 -
2025-06-02 16:23:53,916 INFO: 127.0.0.1 - - [02/Jun/2025 16:23:53] "[36mGET /static/images/independiente.png HTTP/1.1[0m" 304 -
2025-06-02 16:23:53,916 INFO: 127.0.0.1 - - [02/Jun/2025 16:23:53] "[36mGET /static/images/pe√±arol.png HTTP/1.1[0m" 304 -
2025-06-02 16:23:53,917 INFO: 127.0.0.1 - - [02/Jun/2025 16:23:53] "[36mGET /static/images/CEEC.png HTTP/1.1[0m" 304 -
2025-06-02 16:23:59,330 INFO: 127.0.0.1 - - [02/Jun/2025 16:23:59] "GET / HTTP/1.1" 200 -
2025-06-02 16:23:59,353 INFO: 127.0.0.1 - - [02/Jun/2025 16:23:59] "[36mGET /static/images/rosarina.png HTTP/1.1[0m" 304 -
2025-06-02 16:23:59,357 INFO: 127.0.0.1 - - [02/Jun/2025 16:23:59] "[36mGET /static/images/juanlacaze.png HTTP/1.1[0m" 304 -
2025-06-02 16:23:59,360 INFO: 127.0.0.1 - - [02/Jun/2025 16:23:59] "[36mGET /static/images/CEEC.png HTTP/1.1[0m" 304 -
2025-06-02 16:23:59,360 INFO: 127.0.0.1 - - [02/Jun/2025 16:23:59] "[36mGET /static/images/elparque.png HTTP/1.1[0m" 304 -
2025-06-02 16:23:59,364 INFO: 127.0.0.1 - - [02/Jun/2025 16:23:59] "[36mGET /static/images/independiente.png HTTP/1.1[0m" 304 -
2025-06-02 16:23:59,365 INFO: 127.0.0.1 - - [02/Jun/2025 16:23:59] "[36mGET /static/images/pe√±arol.png HTTP/1.1[0m" 304 -
2025-06-02 16:23:59,366 INFO: 127.0.0.1 - - [02/Jun/2025 16:23:59] "[36mGET /static/images/rosario_atletico.png HTTP/1.1[0m" 304 -
2025-06-02 16:23:59,367 INFO: 127.0.0.1 - - [02/Jun/2025 16:23:59] "[36mGET /static/images/reformers.png HTTP/1.1[0m" 304 -
2025-06-02 16:24:22,194 INFO: [31m[1mWARNING: This is a development server. Do not use it in a production deployment. Use a production WSGI server instead.[0m
 * Running on http://127.0.0.1:5000
2025-06-02 16:24:22,194 INFO: [33mPress CTRL+C to quit[0m
2025-06-02 16:24:27,176 INFO: 127.0.0.1 - - [02/Jun/2025 16:24:27] "GET / HTTP/1.1" 200 -
2025-06-02 16:24:27,203 INFO: 127.0.0.1 - - [02/Jun/2025 16:24:27] "[36mGET /static/images/elparque.png HTTP/1.1[0m" 304 -
2025-06-02 16:24:27,203 INFO: 127.0.0.1 - - [02/Jun/2025 16:24:27] "[36mGET /static/images/juanlacaze.png HTTP/1.1[0m" 304 -
2025-06-02 16:24:27,206 INFO: 127.0.0.1 - - [02/Jun/2025 16:24:27] "[36mGET /static/images/rosarina.png HTTP/1.1[0m" 304 -
2025-06-02 16:24:27,208 INFO: 127.0.0.1 - - [02/Jun/2025 16:24:27] "[36mGET /static/images/independiente.png HTTP/1.1[0m" 304 -
2025-06-02 16:24:27,209 INFO: 127.0.0.1 - - [02/Jun/2025 16:24:27] "[36mGET /static/images/CEEC.png HTTP/1.1[0m" 304 -
2025-06-02 16:24:27,209 INFO: 127.0.0.1 - - [02/Jun/2025 16:24:27] "[36mGET /static/images/rosario_atletico.png HTTP/1.1[0m" 304 -
2025-06-02 16:24:27,212 INFO: 127.0.0.1 - - [02/Jun/2025 16:24:27] "[36mGET /static/images/reformers.png HTTP/1.1[0m" 304 -
2025-06-02 16:24:27,212 INFO: 127.0.0.1 - - [02/Jun/2025 16:24:27] "[36mGET /static/images/pe√±arol.png HTTP/1.1[0m" 304 -
2025-06-02 16:24:28,348 INFO: 127.0.0.1 - - [02/Jun/2025 16:24:28] "GET /estadisticas HTTP/1.1" 200 -
2025-06-02 16:24:28,374 INFO: 127.0.0.1 - - [02/Jun/2025 16:24:28] "[36mGET /static/images/rosarina.png HTTP/1.1[0m" 304 -
2025-06-02 16:24:28,377 INFO: 127.0.0.1 - - [02/Jun/2025 16:24:28] "[36mGET /static/images/CEEC.png HTTP/1.1[0m" 304 -
2025-06-02 16:24:28,377 INFO: 127.0.0.1 - - [02/Jun/2025 16:24:28] "[36mGET /static/images/juanlacaze.png HTTP/1.1[0m" 304 -
2025-06-02 16:24:28,379 INFO: 127.0.0.1 - - [02/Jun/2025 16:24:28] "[36mGET /static/images/elparque.png HTTP/1.1[0m" 304 -
2025-06-02 16:24:28,379 INFO: 127.0.0.1 - - [02/Jun/2025 16:24:28] "[36mGET /static/images/independiente.png HTTP/1.1[0m" 304 -
2025-06-02 16:24:28,381 INFO: 127.0.0.1 - - [02/Jun/2025 16:24:28] "[36mGET /static/images/rosario_atletico.png HTTP/1.1[0m" 304 -
2025-06-02 16:24:28,389 INFO: 127.0.0.1 - - [02/Jun/2025 16:24:28] "[36mGET /static/images/pe√±arol.png HTTP/1.1[0m" 304 -
2025-06-02 16:24:28,390 INFO: 127.0.0.1 - - [02/Jun/2025 16:24:28] "[36mGET /static/images/reformers.png HTTP/1.1[0m" 304 -
2025-06-02 16:25:20,622 INFO: 127.0.0.1 - - [02/Jun/2025 16:25:20] "GET / HTTP/1.1" 200 -
2025-06-02 16:25:20,653 INFO: 127.0.0.1 - - [02/Jun/2025 16:25:20] "[36mGET /static/images/rosarina.png HTTP/1.1[0m" 304 -
2025-06-02 16:25:20,655 INFO: 127.0.0.1 - - [02/Jun/2025 16:25:20] "[36mGET /static/images/juanlacaze.png HTTP/1.1[0m" 304 -
2025-06-02 16:25:20,658 INFO: 127.0.0.1 - - [02/Jun/2025 16:25:20] "[36mGET /static/images/elparque.png HTTP/1.1[0m" 304 -
2025-06-02 16:25:20,659 INFO: 127.0.0.1 - - [02/Jun/2025 16:25:20] "[36mGET /static/images/CEEC.png HTTP/1.1[0m" 304 -
2025-06-02 16:25:20,662 INFO: 127.0.0.1 - - [02/Jun/2025 16:25:20] "[36mGET /static/images/rosario_atletico.png HTTP/1.1[0m" 304 -
2025-06-02 16:25:20,663 INFO: 127.0.0.1 - - [02/Jun/2025 16:25:20] "[36mGET /static/images/independiente.png HTTP/1.1[0m" 304 -
2025-06-02 16:25:20,667 INFO: 127.0.0.1 - - [02/Jun/2025 16:25:20] "[36mGET /static/images/pe√±arol.png HTTP/1.1[0m" 304 -
2025-06-02 16:25:20,671 INFO: 127.0.0.1 - - [02/Jun/2025 16:25:20] "[36mGET /static/images/reformers.png HTTP/1.1[0m" 304 -
2025-06-02 16:25:22,546 INFO: 127.0.0.1 - - [02/Jun/2025 16:25:22] "GET /estadisticas HTTP/1.1" 200 -
2025-06-02 16:25:22,577 INFO: 127.0.0.1 - - [02/Jun/2025 16:25:22] "[36mGET /static/images/rosarina.png HTTP/1.1[0m" 304 -
2025-06-02 16:25:22,578 INFO: 127.0.0.1 - - [02/Jun/2025 16:25:22] "[36mGET /static/images/CEEC.png HTTP/1.1[0m" 304 -
2025-06-02 16:25:22,578 INFO: 127.0.0.1 - - [02/Jun/2025 16:25:22] "[36mGET /static/images/juanlacaze.png HTTP/1.1[0m" 304 -
2025-06-02 16:25:22,580 INFO: 127.0.0.1 - - [02/Jun/2025 16:25:22] "[36mGET /static/images/elparque.png HTTP/1.1[0m" 304 -
2025-06-02 16:25:22,582 INFO: 127.0.0.1 - - [02/Jun/2025 16:25:22] "[36mGET /static/images/independiente.png HTTP/1.1[0m" 304 -
2025-06-02 16:25:22,584 INFO: 127.0.0.1 - - [02/Jun/2025 16:25:22] "[36mGET /static/images/rosario_atletico.png HTTP/1.1[0m" 304 -
2025-06-02 16:25:22,585 INFO: 127.0.0.1 - - [02/Jun/2025 16:25:22] "[36mGET /static/images/reformers.png HTTP/1.1[0m" 304 -
2025-06-02 16:25:22,586 INFO: 127.0.0.1 - - [02/Jun/2025 16:25:22] "[36mGET /static/images/pe√±arol.png HTTP/1.1[0m" 304 -
2025-06-02 16:26:35,410 INFO: [31m[1mWARNING: This is a development server. Do not use it in a production deployment. Use a production WSGI server instead.[0m
 * Running on http://127.0.0.1:5000
2025-06-02 16:26:35,411 INFO: [33mPress CTRL+C to quit[0m
2025-06-02 16:26:39,503 INFO: 127.0.0.1 - - [02/Jun/2025 16:26:39] "GET /estadisticas HTTP/1.1" 200 -
2025-06-02 16:26:39,526 INFO: 127.0.0.1 - - [02/Jun/2025 16:26:39] "[36mGET /static/images/rosarina.png HTTP/1.1[0m" 304 -
2025-06-02 16:26:39,530 INFO: 127.0.0.1 - - [02/Jun/2025 16:26:39] "[36mGET /static/images/CEEC.png HTTP/1.1[0m" 304 -
2025-06-02 16:26:39,530 INFO: 127.0.0.1 - - [02/Jun/2025 16:26:39] "[36mGET /static/images/elparque.png HTTP/1.1[0m" 304 -
2025-06-02 16:26:39,532 INFO: 127.0.0.1 - - [02/Jun/2025 16:26:39] "[36mGET /static/images/independiente.png HTTP/1.1[0m" 304 -
2025-06-02 16:26:39,533 INFO: 127.0.0.1 - - [02/Jun/2025 16:26:39] "[36mGET /static/images/juanlacaze.png HTTP/1.1[0m" 304 -
2025-06-02 16:26:39,533 INFO: 127.0.0.1 - - [02/Jun/2025 16:26:39] "[36mGET /static/images/rosario_atletico.png HTTP/1.1[0m" 304 -
2025-06-02 16:26:39,535 INFO: 127.0.0.1 - - [02/Jun/2025 16:26:39] "[36mGET /static/images/pe√±arol.png HTTP/1.1[0m" 304 -
2025-06-02 16:26:39,538 INFO: 127.0.0.1 - - [02/Jun/2025 16:26:39] "[36mGET /static/images/reformers.png HTTP/1.1[0m" 304 -
2025-06-02 16:46:21,397 INFO: [31m[1mWARNING: This is a development server. Do not use it in a production deployment. Use a production WSGI server instead.[0m
 * Running on http://127.0.0.1:5000
2025-06-02 16:46:21,397 INFO: [33mPress CTRL+C to quit[0m
2025-06-02 16:46:24,781 INFO: 127.0.0.1 - - [02/Jun/2025 16:46:24] "GET /estadisticas HTTP/1.1" 200 -
2025-06-02 16:46:24,821 INFO: 127.0.0.1 - - [02/Jun/2025 16:46:24] "[36mGET /static/images/juanlacaze.png HTTP/1.1[0m" 304 -
2025-06-02 16:46:24,822 INFO: 127.0.0.1 - - [02/Jun/2025 16:46:24] "[36mGET /static/images/rosarina.png HTTP/1.1[0m" 304 -
2025-06-02 16:46:24,825 INFO: 127.0.0.1 - - [02/Jun/2025 16:46:24] "[36mGET /static/images/CEEC.png HTTP/1.1[0m" 304 -
2025-06-02 16:46:24,826 INFO: 127.0.0.1 - - [02/Jun/2025 16:46:24] "[36mGET /static/images/independiente.png HTTP/1.1[0m" 304 -
2025-06-02 16:46:24,827 INFO: 127.0.0.1 - - [02/Jun/2025 16:46:24] "[36mGET /static/images/elparque.png HTTP/1.1[0m" 304 -
2025-06-02 16:46:24,829 INFO: 127.0.0.1 - - [02/Jun/2025 16:46:24] "[36mGET /static/images/rosario_atletico.png HTTP/1.1[0m" 304 -
2025-06-02 16:46:24,836 INFO: 127.0.0.1 - - [02/Jun/2025 16:46:24] "[36mGET /static/images/pe√±arol.png HTTP/1.1[0m" 304 -
2025-06-02 16:46:24,838 INFO: 127.0.0.1 - - [02/Jun/2025 16:46:24] "[36mGET /static/images/reformers.png HTTP/1.1[0m" 304 -
2025-06-02 16:47:25,352 INFO: [31m[1mWARNING: This is a development server. Do not use it in a production deployment. Use a production WSGI server instead.[0m
 * Running on http://127.0.0.1:5000
2025-06-02 16:47:25,352 INFO: [33mPress CTRL+C to quit[0m
2025-06-02 16:47:27,290 INFO: 127.0.0.1 - - [02/Jun/2025 16:47:27] "GET /estadisticas HTTP/1.1" 200 -
2025-06-02 16:47:27,317 INFO: 127.0.0.1 - - [02/Jun/2025 16:47:27] "[36mGET /static/images/rosarina.png HTTP/1.1[0m" 304 -
2025-06-02 16:47:27,318 INFO: 127.0.0.1 - - [02/Jun/2025 16:47:27] "[36mGET /static/images/juanlacaze.png HTTP/1.1[0m" 304 -
2025-06-02 16:47:27,331 INFO: 127.0.0.1 - - [02/Jun/2025 16:47:27] "[36mGET /static/images/CEEC.png HTTP/1.1[0m" 304 -
2025-06-02 16:47:27,333 INFO: 127.0.0.1 - - [02/Jun/2025 16:47:27] "[36mGET /static/images/elparque.png HTTP/1.1[0m" 304 -
2025-06-02 16:47:27,334 INFO: 127.0.0.1 - - [02/Jun/2025 16:47:27] "[36mGET /static/images/rosario_atletico.png HTTP/1.1[0m" 304 -
2025-06-02 16:47:27,334 INFO: 127.0.0.1 - - [02/Jun/2025 16:47:27] "[36mGET /static/images/independiente.png HTTP/1.1[0m" 304 -
2025-06-02 16:47:27,338 INFO: 127.0.0.1 - - [02/Jun/2025 16:47:27] "[36mGET /static/images/pe√±arol.png HTTP/1.1[0m" 304 -
2025-06-02 16:47:27,339 INFO: 127.0.0.1 - - [02/Jun/2025 16:47:27] "[36mGET /static/images/reformers.png HTTP/1.1[0m" 304 -
2025-06-02 16:47:42,199 INFO: 127.0.0.1 - - [02/Jun/2025 16:47:42] "GET /estadisticas HTTP/1.1" 200 -
2025-06-02 16:47:42,222 INFO: 127.0.0.1 - - [02/Jun/2025 16:47:42] "[36mGET /static/images/rosarina.png HTTP/1.1[0m" 304 -
2025-06-02 16:47:42,223 INFO: 127.0.0.1 - - [02/Jun/2025 16:47:42] "[36mGET /static/images/juanlacaze.png HTTP/1.1[0m" 304 -
2025-06-02 16:47:42,223 INFO: 127.0.0.1 - - [02/Jun/2025 16:47:42] "[36mGET /static/images/CEEC.png HTTP/1.1[0m" 304 -
2025-06-02 16:47:42,225 INFO: 127.0.0.1 - - [02/Jun/2025 16:47:42] "[36mGET /static/images/elparque.png HTTP/1.1[0m" 304 -
2025-06-02 16:47:42,226 INFO: 127.0.0.1 - - [02/Jun/2025 16:47:42] "[36mGET /static/images/independiente.png HTTP/1.1[0m" 304 -
2025-06-02 16:47:42,227 INFO: 127.0.0.1 - - [02/Jun/2025 16:47:42] "[36mGET /static/images/rosario_atletico.png HTTP/1.1[0m" 304 -
2025-06-02 16:47:42,231 INFO: 127.0.0.1 - - [02/Jun/2025 16:47:42] "[36mGET /static/images/pe√±arol.png HTTP/1.1[0m" 304 -
2025-06-02 16:47:42,231 INFO: 127.0.0.1 - - [02/Jun/2025 16:47:42] "[36mGET /static/images/reformers.png HTTP/1.1[0m" 304 -
2025-06-02 16:47:44,990 INFO: [31m[1mWARNING: This is a development server. Do not use it in a production deployment. Use a production WSGI server instead.[0m
 * Running on http://127.0.0.1:5000
2025-06-02 16:47:44,990 INFO: [33mPress CTRL+C to quit[0m
2025-06-02 16:47:46,506 INFO: 127.0.0.1 - - [02/Jun/2025 16:47:46] "GET /estadisticas HTTP/1.1" 200 -
2025-06-02 16:47:46,545 INFO: 127.0.0.1 - - [02/Jun/2025 16:47:46] "[36mGET /static/images/rosarina.png HTTP/1.1[0m" 304 -
2025-06-02 16:47:46,545 INFO: 127.0.0.1 - - [02/Jun/2025 16:47:46] "[36mGET /static/images/CEEC.png HTTP/1.1[0m" 304 -
2025-06-02 16:47:46,546 INFO: 127.0.0.1 - - [02/Jun/2025 16:47:46] "[36mGET /static/images/juanlacaze.png HTTP/1.1[0m" 304 -
2025-06-02 16:47:46,549 INFO: 127.0.0.1 - - [02/Jun/2025 16:47:46] "[36mGET /static/images/independiente.png HTTP/1.1[0m" 304 -
2025-06-02 16:47:46,551 INFO: 127.0.0.1 - - [02/Jun/2025 16:47:46] "[36mGET /static/images/elparque.png HTTP/1.1[0m" 304 -
2025-06-02 16:47:46,553 INFO: 127.0.0.1 - - [02/Jun/2025 16:47:46] "[36mGET /static/images/rosario_atletico.png HTTP/1.1[0m" 304 -
2025-06-02 16:47:46,557 INFO: 127.0.0.1 - - [02/Jun/2025 16:47:46] "[36mGET /static/images/pe√±arol.png HTTP/1.1[0m" 304 -
2025-06-02 16:47:46,559 INFO: 127.0.0.1 - - [02/Jun/2025 16:47:46] "[36mGET /static/images/reformers.png HTTP/1.1[0m" 304 -
2025-06-02 16:47:47,351 INFO: 127.0.0.1 - - [02/Jun/2025 16:47:47] "GET / HTTP/1.1" 200 -
2025-06-02 16:47:47,373 INFO: 127.0.0.1 - - [02/Jun/2025 16:47:47] "[36mGET /static/images/rosarina.png HTTP/1.1[0m" 304 -
2025-06-02 16:47:47,382 INFO: 127.0.0.1 - - [02/Jun/2025 16:47:47] "[36mGET /static/images/juanlacaze.png HTTP/1.1[0m" 304 -
2025-06-02 16:47:47,383 INFO: 127.0.0.1 - - [02/Jun/2025 16:47:47] "[36mGET /static/images/CEEC.png HTTP/1.1[0m" 304 -
2025-06-02 16:47:47,385 INFO: 127.0.0.1 - - [02/Jun/2025 16:47:47] "[36mGET /static/images/elparque.png HTTP/1.1[0m" 304 -
2025-06-02 16:47:47,386 INFO: 127.0.0.1 - - [02/Jun/2025 16:47:47] "[36mGET /static/images/independiente.png HTTP/1.1[0m" 304 -
2025-06-02 16:47:47,387 INFO: 127.0.0.1 - - [02/Jun/2025 16:47:47] "[36mGET /static/images/rosario_atletico.png HTTP/1.1[0m" 304 -
2025-06-02 16:47:47,388 INFO: 127.0.0.1 - - [02/Jun/2025 16:47:47] "[36mGET /static/images/reformers.png HTTP/1.1[0m" 304 -
2025-06-02 16:47:47,389 INFO: 127.0.0.1 - - [02/Jun/2025 16:47:47] "[36mGET /static/images/pe√±arol.png HTTP/1.1[0m" 304 -
2025-06-02 16:47:48,519 INFO: 127.0.0.1 - - [02/Jun/2025 16:47:48] "GET /estadisticas HTTP/1.1" 200 -
2025-06-02 16:47:48,555 INFO: 127.0.0.1 - - [02/Jun/2025 16:47:48] "[36mGET /static/images/rosarina.png HTTP/1.1[0m" 304 -
2025-06-02 16:47:48,557 INFO: 127.0.0.1 - - [02/Jun/2025 16:47:48] "[36mGET /static/images/juanlacaze.png HTTP/1.1[0m" 304 -
2025-06-02 16:47:48,558 INFO: 127.0.0.1 - - [02/Jun/2025 16:47:48] "[36mGET /static/images/CEEC.png HTTP/1.1[0m" 304 -
2025-06-02 16:47:48,560 INFO: 127.0.0.1 - - [02/Jun/2025 16:47:48] "[36mGET /static/images/independiente.png HTTP/1.1[0m" 304 -
2025-06-02 16:47:48,562 INFO: 127.0.0.1 - - [02/Jun/2025 16:47:48] "[36mGET /static/images/elparque.png HTTP/1.1[0m" 304 -
2025-06-02 16:47:48,564 INFO: 127.0.0.1 - - [02/Jun/2025 16:47:48] "[36mGET /static/images/reformers.png HTTP/1.1[0m" 304 -
2025-06-02 16:47:48,564 INFO: 127.0.0.1 - - [02/Jun/2025 16:47:48] "[36mGET /static/images/rosario_atletico.png HTTP/1.1[0m" 304 -
2025-06-02 16:47:48,566 INFO: 127.0.0.1 - - [02/Jun/2025 16:47:48] "[36mGET /static/images/pe√±arol.png HTTP/1.1[0m" 304 -
2025-06-02 16:48:36,488 INFO: [31m[1mWARNING: This is a development server. Do not use it in a production deployment. Use a production WSGI server instead.[0m
 * Running on http://127.0.0.1:5000
2025-06-02 16:48:36,489 INFO: [33mPress CTRL+C to quit[0m
2025-06-02 16:48:40,771 INFO: 127.0.0.1 - - [02/Jun/2025 16:48:40] "GET /estadisticas HTTP/1.1" 200 -
2025-06-02 16:48:40,794 INFO: 127.0.0.1 - - [02/Jun/2025 16:48:40] "[36mGET /static/images/rosarina.png HTTP/1.1[0m" 304 -
2025-06-02 16:48:40,795 INFO: 127.0.0.1 - - [02/Jun/2025 16:48:40] "[36mGET /static/images/juanlacaze.png HTTP/1.1[0m" 304 -
2025-06-02 16:48:40,797 INFO: 127.0.0.1 - - [02/Jun/2025 16:48:40] "[36mGET /static/images/CEEC.png HTTP/1.1[0m" 304 -
2025-06-02 16:48:40,799 INFO: 127.0.0.1 - - [02/Jun/2025 16:48:40] "[36mGET /static/images/elparque.png HTTP/1.1[0m" 304 -
2025-06-02 16:48:40,799 INFO: 127.0.0.1 - - [02/Jun/2025 16:48:40] "[36mGET /static/images/independiente.png HTTP/1.1[0m" 304 -
2025-06-02 16:48:40,801 INFO: 127.0.0.1 - - [02/Jun/2025 16:48:40] "[36mGET /static/images/rosario_atletico.png HTTP/1.1[0m" 304 -
2025-06-02 16:48:40,807 INFO: 127.0.0.1 - - [02/Jun/2025 16:48:40] "[36mGET /static/images/pe√±arol.png HTTP/1.1[0m" 304 -
2025-06-02 16:48:40,807 INFO: 127.0.0.1 - - [02/Jun/2025 16:48:40] "[36mGET /static/images/reformers.png HTTP/1.1[0m" 304 -
2025-06-02 16:49:40,109 INFO: 127.0.0.1 - - [02/Jun/2025 16:49:40] "GET / HTTP/1.1" 200 -
2025-06-02 16:49:40,142 INFO: 127.0.0.1 - - [02/Jun/2025 16:49:40] "[36mGET /static/images/rosarina.png HTTP/1.1[0m" 304 -
2025-06-02 16:49:40,143 INFO: 127.0.0.1 - - [02/Jun/2025 16:49:40] "[36mGET /static/images/juanlacaze.png HTTP/1.1[0m" 304 -
2025-06-02 16:49:40,150 INFO: 127.0.0.1 - - [02/Jun/2025 16:49:40] "[36mGET /static/images/CEEC.png HTTP/1.1[0m" 304 -
2025-06-02 16:49:40,151 INFO: 127.0.0.1 - - [02/Jun/2025 16:49:40] "[36mGET /static/images/elparque.png HTTP/1.1[0m" 304 -
2025-06-02 16:49:40,154 INFO: 127.0.0.1 - - [02/Jun/2025 16:49:40] "[36mGET /static/images/independiente.png HTTP/1.1[0m" 304 -
2025-06-02 16:49:40,155 INFO: 127.0.0.1 - - [02/Jun/2025 16:49:40] "[36mGET /static/images/rosario_atletico.png HTTP/1.1[0m" 304 -
2025-06-02 16:49:40,157 INFO: 127.0.0.1 - - [02/Jun/2025 16:49:40] "[36mGET /static/images/pe√±arol.png HTTP/1.1[0m" 304 -
2025-06-02 16:49:40,158 INFO: 127.0.0.1 - - [02/Jun/2025 16:49:40] "[36mGET /static/images/reformers.png HTTP/1.1[0m" 304 -
2025-06-02 16:50:03,242 INFO: 127.0.0.1 - - [02/Jun/2025 16:50:03] "GET /estadisticas HTTP/1.1" 200 -
2025-06-02 16:50:03,272 INFO: 127.0.0.1 - - [02/Jun/2025 16:50:03] "[36mGET /static/images/rosarina.png HTTP/1.1[0m" 304 -
2025-06-02 16:50:03,275 INFO: 127.0.0.1 - - [02/Jun/2025 16:50:03] "[36mGET /static/images/CEEC.png HTTP/1.1[0m" 304 -
2025-06-02 16:50:03,276 INFO: 127.0.0.1 - - [02/Jun/2025 16:50:03] "[36mGET /static/images/juanlacaze.png HTTP/1.1[0m" 304 -
2025-06-02 16:50:03,278 INFO: 127.0.0.1 - - [02/Jun/2025 16:50:03] "[36mGET /static/images/elparque.png HTTP/1.1[0m" 304 -
2025-06-02 16:50:03,280 INFO: 127.0.0.1 - - [02/Jun/2025 16:50:03] "[36mGET /static/images/rosario_atletico.png HTTP/1.1[0m" 304 -
2025-06-02 16:50:03,281 INFO: 127.0.0.1 - - [02/Jun/2025 16:50:03] "[36mGET /static/images/independiente.png HTTP/1.1[0m" 304 -
2025-06-02 16:50:03,284 INFO: 127.0.0.1 - - [02/Jun/2025 16:50:03] "[36mGET /static/images/pe√±arol.png HTTP/1.1[0m" 304 -
2025-06-02 16:50:03,285 INFO: 127.0.0.1 - - [02/Jun/2025 16:50:03] "[36mGET /static/images/reformers.png HTTP/1.1[0m" 304 -
2025-06-02 16:51:05,238 INFO: 127.0.0.1 - - [02/Jun/2025 16:51:05] "GET /estadisticas HTTP/1.1" 200 -
2025-06-02 16:51:05,285 INFO: 127.0.0.1 - - [02/Jun/2025 16:51:05] "[36mGET /static/images/rosarina.png HTTP/1.1[0m" 304 -
2025-06-02 16:51:05,295 INFO: 127.0.0.1 - - [02/Jun/2025 16:51:05] "[36mGET /static/images/juanlacaze.png HTTP/1.1[0m" 304 -
2025-06-02 16:51:05,298 INFO: 127.0.0.1 - - [02/Jun/2025 16:51:05] "[36mGET /static/images/CEEC.png HTTP/1.1[0m" 304 -
2025-06-02 16:51:05,300 INFO: 127.0.0.1 - - [02/Jun/2025 16:51:05] "[36mGET /static/images/elparque.png HTTP/1.1[0m" 304 -
2025-06-02 16:51:05,301 INFO: 127.0.0.1 - - [02/Jun/2025 16:51:05] "[36mGET /static/images/independiente.png HTTP/1.1[0m" 304 -
2025-06-02 16:51:05,307 INFO: 127.0.0.1 - - [02/Jun/2025 16:51:05] "[36mGET /static/images/rosario_atletico.png HTTP/1.1[0m" 304 -
2025-06-02 16:51:05,308 INFO: 127.0.0.1 - - [02/Jun/2025 16:51:05] "[36mGET /static/images/pe√±arol.png HTTP/1.1[0m" 304 -
2025-06-02 16:51:05,317 INFO: 127.0.0.1 - - [02/Jun/2025 16:51:05] "[36mGET /static/images/reformers.png HTTP/1.1[0m" 304 -
2025-06-02 16:51:10,665 INFO: [31m[1mWARNING: This is a development server. Do not use it in a production deployment. Use a production WSGI server instead.[0m
 * Running on http://127.0.0.1:5000
2025-06-02 16:51:10,665 INFO: [33mPress CTRL+C to quit[0m
2025-06-02 16:51:12,178 ERROR: Error en estad√≠sticas: No filter named 'last.Equipo'.
2025-06-02 16:51:12,179 ERROR: Exception on /estadisticas [GET]
Traceback (most recent call last):
  File "/home/danilovera/preparacion/app.py", line 459, in estadisticas
    return render_template(
        "estadisticas.html",
    ...<7 lines>...
        escudo_equipo=escudo_equipo
    )
  File "/usr/lib/python3.13/site-packages/flask/templating.py", line 149, in render_template
    template = app.jinja_env.get_or_select_template(template_name_or_list)
  File "/usr/lib/python3.13/site-packages/jinja2/environment.py", line 1087, in get_or_select_template
    return self.get_template(template_name_or_list, parent, globals)
           ~~~~~~~~~~~~~~~~~^^^^^^^^^^^^^^^^^^^^^^^^^^^^^^^^^^^^^^^^
  File "/usr/lib/python3.13/site-packages/jinja2/environment.py", line 1016, in get_template
    return self._load_template(name, globals)
           ~~~~~~~~~~~~~~~~~~~^^^^^^^^^^^^^^^
  File "/usr/lib/python3.13/site-packages/jinja2/environment.py", line 975, in _load_template
    template = self.loader.load(self, name, self.make_globals(globals))
  File "/usr/lib/python3.13/site-packages/jinja2/loaders.py", line 138, in load
    code = environment.compile(source, name, filename)
  File "/usr/lib/python3.13/site-packages/jinja2/environment.py", line 771, in compile
    self.handle_exception(source=source_hint)
    ~~~~~~~~~~~~~~~~~~~~~^^^^^^^^^^^^^^^^^^^^
  File "/usr/lib/python3.13/site-packages/jinja2/environment.py", line 942, in handle_exception
    raise rewrite_traceback_stack(source=source)
  File "/home/danilovera/preparacion/templates/estadisticas.html", line 274, in template
    <img src="{{ url_for('static', filename='images/' ~ escudo_equipo(tabla|sort(attribute='GF')|last.Equipo)) }}"
    ^
jinja2.exceptions.TemplateAssertionError: No filter named 'last.Equipo'.

During handling of the above exception, another exception occurred:

Traceback (most recent call last):
  File "/usr/lib/python3.13/site-packages/flask/app.py", line 1511, in wsgi_app
    response = self.full_dispatch_request()
  File "/usr/lib/python3.13/site-packages/flask/app.py", line 919, in full_dispatch_request
    rv = self.handle_user_exception(e)
  File "/usr/lib/python3.13/site-packages/flask/app.py", line 917, in full_dispatch_request
    rv = self.dispatch_request()
  File "/usr/lib/python3.13/site-packages/flask/app.py", line 902, in dispatch_request
    return self.ensure_sync(self.view_functions[rule.endpoint])(**view_args)  # type: ignore[no-any-return]
           ~~~~~~~~~~~~~~~~~~~~~~~~~~~~~~~~~~~~~~~~~~~~~~~~~~~~^^^^^^^^^^^^^
  File "/home/danilovera/preparacion/app.py", line 473, in estadisticas
    return render_template("error.html", error=str(e))
  File "/usr/lib/python3.13/site-packages/flask/templating.py", line 149, in render_template
    template = app.jinja_env.get_or_select_template(template_name_or_list)
  File "/usr/lib/python3.13/site-packages/jinja2/environment.py", line 1087, in get_or_select_template
    return self.get_template(template_name_or_list, parent, globals)
           ~~~~~~~~~~~~~~~~~^^^^^^^^^^^^^^^^^^^^^^^^^^^^^^^^^^^^^^^^
  File "/usr/lib/python3.13/site-packages/jinja2/environment.py", line 1016, in get_template
    return self._load_template(name, globals)
           ~~~~~~~~~~~~~~~~~~~^^^^^^^^^^^^^^^
  File "/usr/lib/python3.13/site-packages/jinja2/environment.py", line 975, in _load_template
    template = self.loader.load(self, name, self.make_globals(globals))
  File "/usr/lib/python3.13/site-packages/jinja2/loaders.py", line 126, in load
    source, filename, uptodate = self.get_source(environment, name)
                                 ~~~~~~~~~~~~~~~^^^^^^^^^^^^^^^^^^^
  File "/usr/lib/python3.13/site-packages/flask/templating.py", line 65, in get_source
    return self._get_source_fast(environment, template)
           ~~~~~~~~~~~~~~~~~~~~~^^^^^^^^^^^^^^^^^^^^^^^
  File "/usr/lib/python3.13/site-packages/flask/templating.py", line 99, in _get_source_fast
    raise TemplateNotFound(template)
jinja2.exceptions.TemplateNotFound: error.html
2025-06-02 16:51:12,191 INFO: 127.0.0.1 - - [02/Jun/2025 16:51:12] "[35m[1mGET /estadisticas HTTP/1.1[0m" 500 -
2025-06-02 16:51:12,225 INFO: 127.0.0.1 - - [02/Jun/2025 16:51:12] "[36mGET /static/images/rosarina.png HTTP/1.1[0m" 304 -
2025-06-02 16:51:12,230 INFO: 127.0.0.1 - - [02/Jun/2025 16:51:12] "[36mGET /static/images/juanlacaze.png HTTP/1.1[0m" 304 -
2025-06-02 16:51:14,507 ERROR: Error en estad√≠sticas: No filter named 'last.Equipo'.
2025-06-02 16:51:14,507 ERROR: Exception on /estadisticas [GET]
Traceback (most recent call last):
  File "/home/danilovera/preparacion/app.py", line 459, in estadisticas
    return render_template(
        "estadisticas.html",
    ...<7 lines>...
        escudo_equipo=escudo_equipo
    )
  File "/usr/lib/python3.13/site-packages/flask/templating.py", line 149, in render_template
    template = app.jinja_env.get_or_select_template(template_name_or_list)
  File "/usr/lib/python3.13/site-packages/jinja2/environment.py", line 1087, in get_or_select_template
    return self.get_template(template_name_or_list, parent, globals)
           ~~~~~~~~~~~~~~~~~^^^^^^^^^^^^^^^^^^^^^^^^^^^^^^^^^^^^^^^^
  File "/usr/lib/python3.13/site-packages/jinja2/environment.py", line 1016, in get_template
    return self._load_template(name, globals)
           ~~~~~~~~~~~~~~~~~~~^^^^^^^^^^^^^^^
  File "/usr/lib/python3.13/site-packages/jinja2/environment.py", line 975, in _load_template
    template = self.loader.load(self, name, self.make_globals(globals))
  File "/usr/lib/python3.13/site-packages/jinja2/loaders.py", line 138, in load
    code = environment.compile(source, name, filename)
  File "/usr/lib/python3.13/site-packages/jinja2/environment.py", line 771, in compile
    self.handle_exception(source=source_hint)
    ~~~~~~~~~~~~~~~~~~~~~^^^^^^^^^^^^^^^^^^^^
  File "/usr/lib/python3.13/site-packages/jinja2/environment.py", line 942, in handle_exception
    raise rewrite_traceback_stack(source=source)
  File "/home/danilovera/preparacion/templates/estadisticas.html", line 274, in template
    <img src="{{ url_for('static', filename='images/' ~ escudo_equipo(tabla|sort(attribute='GF')|last.Equipo)) }}"
    ^
jinja2.exceptions.TemplateAssertionError: No filter named 'last.Equipo'.

During handling of the above exception, another exception occurred:

Traceback (most recent call last):
  File "/usr/lib/python3.13/site-packages/flask/app.py", line 1511, in wsgi_app
    response = self.full_dispatch_request()
  File "/usr/lib/python3.13/site-packages/flask/app.py", line 919, in full_dispatch_request
    rv = self.handle_user_exception(e)
  File "/usr/lib/python3.13/site-packages/flask/app.py", line 917, in full_dispatch_request
    rv = self.dispatch_request()
  File "/usr/lib/python3.13/site-packages/flask/app.py", line 902, in dispatch_request
    return self.ensure_sync(self.view_functions[rule.endpoint])(**view_args)  # type: ignore[no-any-return]
           ~~~~~~~~~~~~~~~~~~~~~~~~~~~~~~~~~~~~~~~~~~~~~~~~~~~~^^^^^^^^^^^^^
  File "/home/danilovera/preparacion/app.py", line 473, in estadisticas
    return render_template("error.html", error=str(e))
  File "/usr/lib/python3.13/site-packages/flask/templating.py", line 149, in render_template
    template = app.jinja_env.get_or_select_template(template_name_or_list)
  File "/usr/lib/python3.13/site-packages/jinja2/environment.py", line 1087, in get_or_select_template
    return self.get_template(template_name_or_list, parent, globals)
           ~~~~~~~~~~~~~~~~~^^^^^^^^^^^^^^^^^^^^^^^^^^^^^^^^^^^^^^^^
  File "/usr/lib/python3.13/site-packages/jinja2/environment.py", line 1016, in get_template
    return self._load_template(name, globals)
           ~~~~~~~~~~~~~~~~~~~^^^^^^^^^^^^^^^
  File "/usr/lib/python3.13/site-packages/jinja2/environment.py", line 975, in _load_template
    template = self.loader.load(self, name, self.make_globals(globals))
  File "/usr/lib/python3.13/site-packages/jinja2/loaders.py", line 126, in load
    source, filename, uptodate = self.get_source(environment, name)
                                 ~~~~~~~~~~~~~~~^^^^^^^^^^^^^^^^^^^
  File "/usr/lib/python3.13/site-packages/flask/templating.py", line 65, in get_source
    return self._get_source_fast(environment, template)
           ~~~~~~~~~~~~~~~~~~~~~^^^^^^^^^^^^^^^^^^^^^^^
  File "/usr/lib/python3.13/site-packages/flask/templating.py", line 99, in _get_source_fast
    raise TemplateNotFound(template)
jinja2.exceptions.TemplateNotFound: error.html
2025-06-02 16:51:14,511 INFO: 127.0.0.1 - - [02/Jun/2025 16:51:14] "[35m[1mGET /estadisticas HTTP/1.1[0m" 500 -
2025-06-02 16:51:14,539 INFO: 127.0.0.1 - - [02/Jun/2025 16:51:14] "[36mGET /static/images/rosarina.png HTTP/1.1[0m" 304 -
2025-06-02 16:51:14,542 INFO: 127.0.0.1 - - [02/Jun/2025 16:51:14] "[36mGET /static/images/juanlacaze.png HTTP/1.1[0m" 304 -
2025-06-02 16:51:15,458 INFO: 127.0.0.1 - - [02/Jun/2025 16:51:15] "GET / HTTP/1.1" 200 -
2025-06-02 16:51:15,478 INFO: 127.0.0.1 - - [02/Jun/2025 16:51:15] "[36mGET /static/images/rosarina.png HTTP/1.1[0m" 304 -
2025-06-02 16:51:15,483 INFO: 127.0.0.1 - - [02/Jun/2025 16:51:15] "[36mGET /static/images/juanlacaze.png HTTP/1.1[0m" 304 -
2025-06-02 16:51:15,492 INFO: 127.0.0.1 - - [02/Jun/2025 16:51:15] "[36mGET /static/images/CEEC.png HTTP/1.1[0m" 304 -
2025-06-02 16:51:15,495 INFO: 127.0.0.1 - - [02/Jun/2025 16:51:15] "[36mGET /static/images/elparque.png HTTP/1.1[0m" 304 -
2025-06-02 16:51:15,496 INFO: 127.0.0.1 - - [02/Jun/2025 16:51:15] "[36mGET /static/images/independiente.png HTTP/1.1[0m" 304 -
2025-06-02 16:51:15,498 INFO: 127.0.0.1 - - [02/Jun/2025 16:51:15] "[36mGET /static/images/pe√±arol.png HTTP/1.1[0m" 304 -
2025-06-02 16:51:15,499 INFO: 127.0.0.1 - - [02/Jun/2025 16:51:15] "[36mGET /static/images/rosario_atletico.png HTTP/1.1[0m" 304 -
2025-06-02 16:51:15,502 INFO: 127.0.0.1 - - [02/Jun/2025 16:51:15] "[36mGET /static/images/reformers.png HTTP/1.1[0m" 304 -
2025-06-02 16:51:16,060 ERROR: Error en estad√≠sticas: No filter named 'last.Equipo'.
2025-06-02 16:51:16,060 ERROR: Exception on /estadisticas [GET]
Traceback (most recent call last):
  File "/home/danilovera/preparacion/app.py", line 459, in estadisticas
    return render_template(
        "estadisticas.html",
    ...<7 lines>...
        escudo_equipo=escudo_equipo
    )
  File "/usr/lib/python3.13/site-packages/flask/templating.py", line 149, in render_template
    template = app.jinja_env.get_or_select_template(template_name_or_list)
  File "/usr/lib/python3.13/site-packages/jinja2/environment.py", line 1087, in get_or_select_template
    return self.get_template(template_name_or_list, parent, globals)
           ~~~~~~~~~~~~~~~~~^^^^^^^^^^^^^^^^^^^^^^^^^^^^^^^^^^^^^^^^
  File "/usr/lib/python3.13/site-packages/jinja2/environment.py", line 1016, in get_template
    return self._load_template(name, globals)
           ~~~~~~~~~~~~~~~~~~~^^^^^^^^^^^^^^^
  File "/usr/lib/python3.13/site-packages/jinja2/environment.py", line 975, in _load_template
    template = self.loader.load(self, name, self.make_globals(globals))
  File "/usr/lib/python3.13/site-packages/jinja2/loaders.py", line 138, in load
    code = environment.compile(source, name, filename)
  File "/usr/lib/python3.13/site-packages/jinja2/environment.py", line 771, in compile
    self.handle_exception(source=source_hint)
    ~~~~~~~~~~~~~~~~~~~~~^^^^^^^^^^^^^^^^^^^^
  File "/usr/lib/python3.13/site-packages/jinja2/environment.py", line 942, in handle_exception
    raise rewrite_traceback_stack(source=source)
  File "/home/danilovera/preparacion/templates/estadisticas.html", line 274, in template
    <img src="{{ url_for('static', filename='images/' ~ escudo_equipo(tabla|sort(attribute='GF')|last.Equipo)) }}"
    ^
jinja2.exceptions.TemplateAssertionError: No filter named 'last.Equipo'.

During handling of the above exception, another exception occurred:

Traceback (most recent call last):
  File "/usr/lib/python3.13/site-packages/flask/app.py", line 1511, in wsgi_app
    response = self.full_dispatch_request()
  File "/usr/lib/python3.13/site-packages/flask/app.py", line 919, in full_dispatch_request
    rv = self.handle_user_exception(e)
  File "/usr/lib/python3.13/site-packages/flask/app.py", line 917, in full_dispatch_request
    rv = self.dispatch_request()
  File "/usr/lib/python3.13/site-packages/flask/app.py", line 902, in dispatch_request
    return self.ensure_sync(self.view_functions[rule.endpoint])(**view_args)  # type: ignore[no-any-return]
           ~~~~~~~~~~~~~~~~~~~~~~~~~~~~~~~~~~~~~~~~~~~~~~~~~~~~^^^^^^^^^^^^^
  File "/home/danilovera/preparacion/app.py", line 473, in estadisticas
    return render_template("error.html", error=str(e))
  File "/usr/lib/python3.13/site-packages/flask/templating.py", line 149, in render_template
    template = app.jinja_env.get_or_select_template(template_name_or_list)
  File "/usr/lib/python3.13/site-packages/jinja2/environment.py", line 1087, in get_or_select_template
    return self.get_template(template_name_or_list, parent, globals)
           ~~~~~~~~~~~~~~~~~^^^^^^^^^^^^^^^^^^^^^^^^^^^^^^^^^^^^^^^^
  File "/usr/lib/python3.13/site-packages/jinja2/environment.py", line 1016, in get_template
    return self._load_template(name, globals)
           ~~~~~~~~~~~~~~~~~~~^^^^^^^^^^^^^^^
  File "/usr/lib/python3.13/site-packages/jinja2/environment.py", line 975, in _load_template
    template = self.loader.load(self, name, self.make_globals(globals))
  File "/usr/lib/python3.13/site-packages/jinja2/loaders.py", line 126, in load
    source, filename, uptodate = self.get_source(environment, name)
                                 ~~~~~~~~~~~~~~~^^^^^^^^^^^^^^^^^^^
  File "/usr/lib/python3.13/site-packages/flask/templating.py", line 65, in get_source
    return self._get_source_fast(environment, template)
           ~~~~~~~~~~~~~~~~~~~~~^^^^^^^^^^^^^^^^^^^^^^^
  File "/usr/lib/python3.13/site-packages/flask/templating.py", line 99, in _get_source_fast
    raise TemplateNotFound(template)
jinja2.exceptions.TemplateNotFound: error.html
2025-06-02 16:51:16,063 INFO: 127.0.0.1 - - [02/Jun/2025 16:51:16] "[35m[1mGET /estadisticas HTTP/1.1[0m" 500 -
2025-06-02 16:51:16,087 INFO: 127.0.0.1 - - [02/Jun/2025 16:51:16] "[36mGET /static/images/rosarina.png HTTP/1.1[0m" 304 -
2025-06-02 16:51:16,087 INFO: 127.0.0.1 - - [02/Jun/2025 16:51:16] "[36mGET /static/images/juanlacaze.png HTTP/1.1[0m" 304 -
2025-06-02 16:51:58,935 INFO: [31m[1mWARNING: This is a development server. Do not use it in a production deployment. Use a production WSGI server instead.[0m
 * Running on http://127.0.0.1:5000
2025-06-02 16:51:58,935 INFO: [33mPress CTRL+C to quit[0m
2025-06-02 16:52:01,472 INFO: 127.0.0.1 - - [02/Jun/2025 16:52:01] "GET /estadisticas HTTP/1.1" 200 -
2025-06-02 16:52:01,520 INFO: 127.0.0.1 - - [02/Jun/2025 16:52:01] "[36mGET /static/images/rosarina.png HTTP/1.1[0m" 304 -
2025-06-02 16:52:01,521 INFO: 127.0.0.1 - - [02/Jun/2025 16:52:01] "[36mGET /static/images/elparque.png HTTP/1.1[0m" 304 -
2025-06-02 16:52:01,522 INFO: 127.0.0.1 - - [02/Jun/2025 16:52:01] "[36mGET /static/images/juanlacaze.png HTTP/1.1[0m" 304 -
2025-06-02 16:52:01,527 INFO: 127.0.0.1 - - [02/Jun/2025 16:52:01] "[36mGET /static/images/CEEC.png HTTP/1.1[0m" 304 -
2025-06-02 16:52:01,527 INFO: 127.0.0.1 - - [02/Jun/2025 16:52:01] "[36mGET /static/images/independiente.png HTTP/1.1[0m" 304 -
2025-06-02 16:52:01,528 INFO: 127.0.0.1 - - [02/Jun/2025 16:52:01] "[36mGET /static/images/rosario_atletico.png HTTP/1.1[0m" 304 -
2025-06-02 16:52:01,529 INFO: 127.0.0.1 - - [02/Jun/2025 16:52:01] "[36mGET /static/images/pe√±arol.png HTTP/1.1[0m" 304 -
2025-06-02 16:52:01,531 INFO: 127.0.0.1 - - [02/Jun/2025 16:52:01] "[36mGET /static/images/reformers.png HTTP/1.1[0m" 304 -
2025-06-02 16:56:46,131 INFO: [31m[1mWARNING: This is a development server. Do not use it in a production deployment. Use a production WSGI server instead.[0m
 * Running on http://127.0.0.1:5000
2025-06-02 16:56:46,131 INFO: [33mPress CTRL+C to quit[0m
2025-06-02 16:56:52,035 INFO: 127.0.0.1 - - [02/Jun/2025 16:56:52] "GET / HTTP/1.1" 200 -
2025-06-02 16:56:52,068 INFO: 127.0.0.1 - - [02/Jun/2025 16:56:52] "[36mGET /static/images/juanlacaze.png HTTP/1.1[0m" 304 -
2025-06-02 16:56:52,070 INFO: 127.0.0.1 - - [02/Jun/2025 16:56:52] "[36mGET /static/images/rosarina.png HTTP/1.1[0m" 304 -
2025-06-02 16:56:52,071 INFO: 127.0.0.1 - - [02/Jun/2025 16:56:52] "[36mGET /static/images/CEEC.png HTTP/1.1[0m" 304 -
2025-06-02 16:56:52,075 INFO: 127.0.0.1 - - [02/Jun/2025 16:56:52] "[36mGET /static/images/independiente.png HTTP/1.1[0m" 304 -
2025-06-02 16:56:52,075 INFO: 127.0.0.1 - - [02/Jun/2025 16:56:52] "[36mGET /static/images/rosario_atletico.png HTTP/1.1[0m" 304 -
2025-06-02 16:56:52,077 INFO: 127.0.0.1 - - [02/Jun/2025 16:56:52] "[36mGET /static/images/pe√±arol.png HTTP/1.1[0m" 304 -
2025-06-02 16:56:52,077 INFO: 127.0.0.1 - - [02/Jun/2025 16:56:52] "[36mGET /static/images/elparque.png HTTP/1.1[0m" 304 -
2025-06-02 16:56:52,078 INFO: 127.0.0.1 - - [02/Jun/2025 16:56:52] "[36mGET /static/images/reformers.png HTTP/1.1[0m" 304 -
2025-06-02 16:56:53,347 INFO: 127.0.0.1 - - [02/Jun/2025 16:56:53] "GET /estadisticas HTTP/1.1" 200 -
2025-06-02 16:56:53,375 INFO: 127.0.0.1 - - [02/Jun/2025 16:56:53] "[36mGET /static/images/rosarina.png HTTP/1.1[0m" 304 -
2025-06-02 16:56:53,378 INFO: 127.0.0.1 - - [02/Jun/2025 16:56:53] "[36mGET /static/images/juanlacaze.png HTTP/1.1[0m" 304 -
2025-06-02 16:56:53,378 INFO: 127.0.0.1 - - [02/Jun/2025 16:56:53] "[36mGET /static/images/CEEC.png HTTP/1.1[0m" 304 -
2025-06-02 16:56:53,379 INFO: 127.0.0.1 - - [02/Jun/2025 16:56:53] "[36mGET /static/images/independiente.png HTTP/1.1[0m" 304 -
2025-06-02 16:56:53,382 INFO: 127.0.0.1 - - [02/Jun/2025 16:56:53] "[36mGET /static/images/elparque.png HTTP/1.1[0m" 304 -
2025-06-02 16:56:53,383 INFO: 127.0.0.1 - - [02/Jun/2025 16:56:53] "[36mGET /static/images/pe√±arol.png HTTP/1.1[0m" 304 -
2025-06-02 16:56:53,384 INFO: 127.0.0.1 - - [02/Jun/2025 16:56:53] "[36mGET /static/images/rosario_atletico.png HTTP/1.1[0m" 304 -
2025-06-02 16:56:53,388 INFO: 127.0.0.1 - - [02/Jun/2025 16:56:53] "[36mGET /static/images/reformers.png HTTP/1.1[0m" 304 -
2025-06-02 16:59:46,737 INFO: [31m[1mWARNING: This is a development server. Do not use it in a production deployment. Use a production WSGI server instead.[0m
 * Running on http://127.0.0.1:5000
2025-06-02 16:59:46,737 INFO: [33mPress CTRL+C to quit[0m
2025-06-02 16:59:48,512 INFO: 127.0.0.1 - - [02/Jun/2025 16:59:48] "GET /estadisticas HTTP/1.1" 200 -
2025-06-02 16:59:48,542 INFO: 127.0.0.1 - - [02/Jun/2025 16:59:48] "[36mGET /static/images/rosarina.png HTTP/1.1[0m" 304 -
2025-06-02 16:59:48,544 INFO: 127.0.0.1 - - [02/Jun/2025 16:59:48] "[36mGET /static/images/juanlacaze.png HTTP/1.1[0m" 304 -
2025-06-02 16:59:48,552 INFO: 127.0.0.1 - - [02/Jun/2025 16:59:48] "[36mGET /static/images/CEEC.png HTTP/1.1[0m" 304 -
2025-06-02 16:59:48,555 INFO: 127.0.0.1 - - [02/Jun/2025 16:59:48] "[36mGET /static/images/elparque.png HTTP/1.1[0m" 304 -
2025-06-02 16:59:48,557 INFO: 127.0.0.1 - - [02/Jun/2025 16:59:48] "[36mGET /static/images/independiente.png HTTP/1.1[0m" 304 -
2025-06-02 16:59:48,559 INFO: 127.0.0.1 - - [02/Jun/2025 16:59:48] "[36mGET /static/images/rosario_atletico.png HTTP/1.1[0m" 304 -
2025-06-02 16:59:48,561 INFO: 127.0.0.1 - - [02/Jun/2025 16:59:48] "[36mGET /static/images/pe√±arol.png HTTP/1.1[0m" 304 -
2025-06-02 16:59:48,562 INFO: 127.0.0.1 - - [02/Jun/2025 16:59:48] "[36mGET /static/images/reformers.png HTTP/1.1[0m" 304 -
2025-06-02 17:00:41,142 INFO: [31m[1mWARNING: This is a development server. Do not use it in a production deployment. Use a production WSGI server instead.[0m
 * Running on http://127.0.0.1:5000
2025-06-02 17:00:41,142 INFO: [33mPress CTRL+C to quit[0m
2025-06-02 17:00:43,154 ERROR: Error en estad√≠sticas: Object of type Undefined is not JSON serializable
2025-06-02 17:00:43,155 ERROR: Exception on /estadisticas [GET]
Traceback (most recent call last):
  File "/home/danilovera/preparacion/app.py", line 459, in estadisticas
    return render_template(
        "estadisticas.html",
    ...<7 lines>...
        escudo_equipo=escudo_equipo
    )
  File "/usr/lib/python3.13/site-packages/flask/templating.py", line 150, in render_template
    return _render(app, template, context)
  File "/usr/lib/python3.13/site-packages/flask/templating.py", line 131, in _render
    rv = template.render(context)
  File "/usr/lib/python3.13/site-packages/jinja2/environment.py", line 1295, in render
    self.environment.handle_exception()
    ~~~~~~~~~~~~~~~~~~~~~~~~~~~~~~~~~^^
  File "/usr/lib/python3.13/site-packages/jinja2/environment.py", line 942, in handle_exception
    raise rewrite_traceback_stack(source=source)
  File "/home/danilovera/preparacion/templates/estadisticas.html", line 1, in top-level template code
    {% extends "base.html" %}
  File "/home/danilovera/preparacion/templates/base.html", line 127, in top-level template code
    {% block scripts %}{% endblock %}
    ^^^^^^^^^^^^^^^^^^^^^
  File "/home/danilovera/preparacion/templates/estadisticas.html", line 637, in block 'scripts'
    const equipos = {{ equipos|tojson }};
    ^^^^^^^^^^^^^^^^^^^^^
  File "/usr/lib/python3.13/site-packages/jinja2/filters.py", line 1721, in do_tojson
    return htmlsafe_json_dumps(value, dumps=dumps, **kwargs)
  File "/usr/lib/python3.13/site-packages/jinja2/utils.py", line 669, in htmlsafe_json_dumps
    dumps(obj, **kwargs)
    ~~~~~^^^^^^^^^^^^^^^
  File "/usr/lib/python3.13/site-packages/flask/json/provider.py", line 179, in dumps
    return json.dumps(obj, **kwargs)
           ~~~~~~~~~~^^^^^^^^^^^^^^^
  File "/usr/lib64/python3.13/json/__init__.py", line 238, in dumps
    **kw).encode(obj)
          ~~~~~~^^^^^
  File "/usr/lib64/python3.13/json/encoder.py", line 200, in encode
    chunks = self.iterencode(o, _one_shot=True)
  File "/usr/lib64/python3.13/json/encoder.py", line 261, in iterencode
    return _iterencode(o, 0)
  File "/usr/lib/python3.13/site-packages/flask/json/provider.py", line 121, in _default
    raise TypeError(f"Object of type {type(o).__name__} is not JSON serializable")
TypeError: Object of type Undefined is not JSON serializable

During handling of the above exception, another exception occurred:

Traceback (most recent call last):
  File "/usr/lib/python3.13/site-packages/flask/app.py", line 1511, in wsgi_app
    response = self.full_dispatch_request()
  File "/usr/lib/python3.13/site-packages/flask/app.py", line 919, in full_dispatch_request
    rv = self.handle_user_exception(e)
  File "/usr/lib/python3.13/site-packages/flask/app.py", line 917, in full_dispatch_request
    rv = self.dispatch_request()
  File "/usr/lib/python3.13/site-packages/flask/app.py", line 902, in dispatch_request
    return self.ensure_sync(self.view_functions[rule.endpoint])(**view_args)  # type: ignore[no-any-return]
           ~~~~~~~~~~~~~~~~~~~~~~~~~~~~~~~~~~~~~~~~~~~~~~~~~~~~^^^^^^^^^^^^^
  File "/home/danilovera/preparacion/app.py", line 473, in estadisticas
    return render_template("error.html", error=str(e))
  File "/usr/lib/python3.13/site-packages/flask/templating.py", line 149, in render_template
    template = app.jinja_env.get_or_select_template(template_name_or_list)
  File "/usr/lib/python3.13/site-packages/jinja2/environment.py", line 1087, in get_or_select_template
    return self.get_template(template_name_or_list, parent, globals)
           ~~~~~~~~~~~~~~~~~^^^^^^^^^^^^^^^^^^^^^^^^^^^^^^^^^^^^^^^^
  File "/usr/lib/python3.13/site-packages/jinja2/environment.py", line 1016, in get_template
    return self._load_template(name, globals)
           ~~~~~~~~~~~~~~~~~~~^^^^^^^^^^^^^^^
  File "/usr/lib/python3.13/site-packages/jinja2/environment.py", line 975, in _load_template
    template = self.loader.load(self, name, self.make_globals(globals))
  File "/usr/lib/python3.13/site-packages/jinja2/loaders.py", line 126, in load
    source, filename, uptodate = self.get_source(environment, name)
                                 ~~~~~~~~~~~~~~~^^^^^^^^^^^^^^^^^^^
  File "/usr/lib/python3.13/site-packages/flask/templating.py", line 65, in get_source
    return self._get_source_fast(environment, template)
           ~~~~~~~~~~~~~~~~~~~~~^^^^^^^^^^^^^^^^^^^^^^^
  File "/usr/lib/python3.13/site-packages/flask/templating.py", line 99, in _get_source_fast
    raise TemplateNotFound(template)
jinja2.exceptions.TemplateNotFound: error.html
2025-06-02 17:00:43,166 INFO: 127.0.0.1 - - [02/Jun/2025 17:00:43] "[35m[1mGET /estadisticas HTTP/1.1[0m" 500 -
2025-06-02 17:00:43,213 INFO: 127.0.0.1 - - [02/Jun/2025 17:00:43] "[36mGET /static/images/rosarina.png HTTP/1.1[0m" 304 -
2025-06-02 17:00:43,215 INFO: 127.0.0.1 - - [02/Jun/2025 17:00:43] "[36mGET /static/images/juanlacaze.png HTTP/1.1[0m" 304 -
2025-06-02 17:00:44,790 INFO: 127.0.0.1 - - [02/Jun/2025 17:00:44] "GET / HTTP/1.1" 200 -
2025-06-02 17:00:44,817 INFO: 127.0.0.1 - - [02/Jun/2025 17:00:44] "[36mGET /static/images/rosarina.png HTTP/1.1[0m" 304 -
2025-06-02 17:00:44,823 INFO: 127.0.0.1 - - [02/Jun/2025 17:00:44] "[36mGET /static/images/juanlacaze.png HTTP/1.1[0m" 304 -
2025-06-02 17:00:44,824 INFO: 127.0.0.1 - - [02/Jun/2025 17:00:44] "[36mGET /static/images/CEEC.png HTTP/1.1[0m" 304 -
2025-06-02 17:00:44,826 INFO: 127.0.0.1 - - [02/Jun/2025 17:00:44] "[36mGET /static/images/elparque.png HTTP/1.1[0m" 304 -
2025-06-02 17:00:44,828 INFO: 127.0.0.1 - - [02/Jun/2025 17:00:44] "[36mGET /static/images/independiente.png HTTP/1.1[0m" 304 -
2025-06-02 17:00:44,829 INFO: 127.0.0.1 - - [02/Jun/2025 17:00:44] "[36mGET /static/images/rosario_atletico.png HTTP/1.1[0m" 304 -
2025-06-02 17:00:44,829 INFO: 127.0.0.1 - - [02/Jun/2025 17:00:44] "[36mGET /static/images/pe√±arol.png HTTP/1.1[0m" 304 -
2025-06-02 17:00:44,831 INFO: 127.0.0.1 - - [02/Jun/2025 17:00:44] "[36mGET /static/images/reformers.png HTTP/1.1[0m" 304 -
2025-06-02 17:00:46,968 INFO: 127.0.0.1 - - [02/Jun/2025 17:00:46] "GET / HTTP/1.1" 200 -
2025-06-02 17:00:47,003 INFO: 127.0.0.1 - - [02/Jun/2025 17:00:47] "[36mGET /static/images/rosarina.png HTTP/1.1[0m" 304 -
2025-06-02 17:00:47,007 INFO: 127.0.0.1 - - [02/Jun/2025 17:00:47] "[36mGET /static/images/juanlacaze.png HTTP/1.1[0m" 304 -
2025-06-02 17:00:47,018 INFO: 127.0.0.1 - - [02/Jun/2025 17:00:47] "[36mGET /static/images/elparque.png HTTP/1.1[0m" 304 -
2025-06-02 17:00:47,019 INFO: 127.0.0.1 - - [02/Jun/2025 17:00:47] "[36mGET /static/images/independiente.png HTTP/1.1[0m" 304 -
2025-06-02 17:00:47,020 INFO: 127.0.0.1 - - [02/Jun/2025 17:00:47] "[36mGET /static/images/CEEC.png HTTP/1.1[0m" 304 -
2025-06-02 17:00:47,021 INFO: 127.0.0.1 - - [02/Jun/2025 17:00:47] "[36mGET /static/images/rosario_atletico.png HTTP/1.1[0m" 304 -
2025-06-02 17:00:47,022 INFO: 127.0.0.1 - - [02/Jun/2025 17:00:47] "[36mGET /static/images/pe√±arol.png HTTP/1.1[0m" 304 -
2025-06-02 17:00:47,025 INFO: 127.0.0.1 - - [02/Jun/2025 17:00:47] "[36mGET /static/images/reformers.png HTTP/1.1[0m" 304 -
2025-06-02 17:00:48,131 ERROR: Error en estad√≠sticas: Object of type Undefined is not JSON serializable
2025-06-02 17:00:48,131 ERROR: Exception on /estadisticas [GET]
Traceback (most recent call last):
  File "/home/danilovera/preparacion/app.py", line 459, in estadisticas
    return render_template(
        "estadisticas.html",
    ...<7 lines>...
        escudo_equipo=escudo_equipo
    )
  File "/usr/lib/python3.13/site-packages/flask/templating.py", line 150, in render_template
    return _render(app, template, context)
  File "/usr/lib/python3.13/site-packages/flask/templating.py", line 131, in _render
    rv = template.render(context)
  File "/usr/lib/python3.13/site-packages/jinja2/environment.py", line 1295, in render
    self.environment.handle_exception()
    ~~~~~~~~~~~~~~~~~~~~~~~~~~~~~~~~~^^
  File "/usr/lib/python3.13/site-packages/jinja2/environment.py", line 942, in handle_exception
    raise rewrite_traceback_stack(source=source)
  File "/home/danilovera/preparacion/templates/estadisticas.html", line 1, in top-level template code
    {% extends "base.html" %}
  File "/home/danilovera/preparacion/templates/base.html", line 127, in top-level template code
    {% block scripts %}{% endblock %}
    ^^^^^^^^^^^^^^^^^^^^^
  File "/home/danilovera/preparacion/templates/estadisticas.html", line 637, in block 'scripts'
    const equipos = {{ equipos|tojson }};
    ^^^^^^^^^^^^^^^^^^^^^
  File "/usr/lib/python3.13/site-packages/jinja2/filters.py", line 1721, in do_tojson
    return htmlsafe_json_dumps(value, dumps=dumps, **kwargs)
  File "/usr/lib/python3.13/site-packages/jinja2/utils.py", line 669, in htmlsafe_json_dumps
    dumps(obj, **kwargs)
    ~~~~~^^^^^^^^^^^^^^^
  File "/usr/lib/python3.13/site-packages/flask/json/provider.py", line 179, in dumps
    return json.dumps(obj, **kwargs)
           ~~~~~~~~~~^^^^^^^^^^^^^^^
  File "/usr/lib64/python3.13/json/__init__.py", line 238, in dumps
    **kw).encode(obj)
          ~~~~~~^^^^^
  File "/usr/lib64/python3.13/json/encoder.py", line 200, in encode
    chunks = self.iterencode(o, _one_shot=True)
  File "/usr/lib64/python3.13/json/encoder.py", line 261, in iterencode
    return _iterencode(o, 0)
  File "/usr/lib/python3.13/site-packages/flask/json/provider.py", line 121, in _default
    raise TypeError(f"Object of type {type(o).__name__} is not JSON serializable")
TypeError: Object of type Undefined is not JSON serializable

During handling of the above exception, another exception occurred:

Traceback (most recent call last):
  File "/usr/lib/python3.13/site-packages/flask/app.py", line 1511, in wsgi_app
    response = self.full_dispatch_request()
  File "/usr/lib/python3.13/site-packages/flask/app.py", line 919, in full_dispatch_request
    rv = self.handle_user_exception(e)
  File "/usr/lib/python3.13/site-packages/flask/app.py", line 917, in full_dispatch_request
    rv = self.dispatch_request()
  File "/usr/lib/python3.13/site-packages/flask/app.py", line 902, in dispatch_request
    return self.ensure_sync(self.view_functions[rule.endpoint])(**view_args)  # type: ignore[no-any-return]
           ~~~~~~~~~~~~~~~~~~~~~~~~~~~~~~~~~~~~~~~~~~~~~~~~~~~~^^^^^^^^^^^^^
  File "/home/danilovera/preparacion/app.py", line 473, in estadisticas
    return render_template("error.html", error=str(e))
  File "/usr/lib/python3.13/site-packages/flask/templating.py", line 149, in render_template
    template = app.jinja_env.get_or_select_template(template_name_or_list)
  File "/usr/lib/python3.13/site-packages/jinja2/environment.py", line 1087, in get_or_select_template
    return self.get_template(template_name_or_list, parent, globals)
           ~~~~~~~~~~~~~~~~~^^^^^^^^^^^^^^^^^^^^^^^^^^^^^^^^^^^^^^^^
  File "/usr/lib/python3.13/site-packages/jinja2/environment.py", line 1016, in get_template
    return self._load_template(name, globals)
           ~~~~~~~~~~~~~~~~~~~^^^^^^^^^^^^^^^
  File "/usr/lib/python3.13/site-packages/jinja2/environment.py", line 975, in _load_template
    template = self.loader.load(self, name, self.make_globals(globals))
  File "/usr/lib/python3.13/site-packages/jinja2/loaders.py", line 126, in load
    source, filename, uptodate = self.get_source(environment, name)
                                 ~~~~~~~~~~~~~~~^^^^^^^^^^^^^^^^^^^
  File "/usr/lib/python3.13/site-packages/flask/templating.py", line 65, in get_source
    return self._get_source_fast(environment, template)
           ~~~~~~~~~~~~~~~~~~~~~^^^^^^^^^^^^^^^^^^^^^^^
  File "/usr/lib/python3.13/site-packages/flask/templating.py", line 99, in _get_source_fast
    raise TemplateNotFound(template)
jinja2.exceptions.TemplateNotFound: error.html
2025-06-02 17:00:48,138 INFO: 127.0.0.1 - - [02/Jun/2025 17:00:48] "[35m[1mGET /estadisticas HTTP/1.1[0m" 500 -
2025-06-02 17:00:48,222 INFO: 127.0.0.1 - - [02/Jun/2025 17:00:48] "[36mGET /static/images/rosarina.png HTTP/1.1[0m" 304 -
2025-06-02 17:00:48,227 INFO: 127.0.0.1 - - [02/Jun/2025 17:00:48] "[36mGET /static/images/juanlacaze.png HTTP/1.1[0m" 304 -
2025-06-02 17:02:01,814 INFO: [31m[1mWARNING: This is a development server. Do not use it in a production deployment. Use a production WSGI server instead.[0m
 * Running on http://127.0.0.1:5000
2025-06-02 17:02:01,814 INFO: [33mPress CTRL+C to quit[0m
2025-06-02 17:02:03,841 INFO: 127.0.0.1 - - [02/Jun/2025 17:02:03] "GET /estadisticas HTTP/1.1" 200 -
2025-06-02 17:02:03,887 INFO: 127.0.0.1 - - [02/Jun/2025 17:02:03] "[36mGET /static/images/juanlacaze.png HTTP/1.1[0m" 304 -
2025-06-02 17:02:03,888 INFO: 127.0.0.1 - - [02/Jun/2025 17:02:03] "[36mGET /static/images/rosario_atletico.png HTTP/1.1[0m" 304 -
2025-06-02 17:02:03,889 INFO: 127.0.0.1 - - [02/Jun/2025 17:02:03] "[36mGET /static/images/rosarina.png HTTP/1.1[0m" 304 -
2025-06-02 17:02:03,890 INFO: 127.0.0.1 - - [02/Jun/2025 17:02:03] "[36mGET /static/images/CEEC.png HTTP/1.1[0m" 304 -
2025-06-02 17:02:03,891 INFO: 127.0.0.1 - - [02/Jun/2025 17:02:03] "[36mGET /static/images/elparque.png HTTP/1.1[0m" 304 -
2025-06-02 17:02:03,893 INFO: 127.0.0.1 - - [02/Jun/2025 17:02:03] "[36mGET /static/images/pe√±arol.png HTTP/1.1[0m" 304 -
2025-06-02 17:02:03,894 INFO: 127.0.0.1 - - [02/Jun/2025 17:02:03] "[36mGET /static/images/independiente.png HTTP/1.1[0m" 304 -
2025-06-02 17:02:03,896 INFO: 127.0.0.1 - - [02/Jun/2025 17:02:03] "[36mGET /static/images/reformers.png HTTP/1.1[0m" 304 -
2025-06-02 17:06:03,099 INFO: [31m[1mWARNING: This is a development server. Do not use it in a production deployment. Use a production WSGI server instead.[0m
 * Running on http://127.0.0.1:5000
2025-06-02 17:06:03,099 INFO: [33mPress CTRL+C to quit[0m
2025-06-02 17:06:06,853 INFO: 127.0.0.1 - - [02/Jun/2025 17:06:06] "GET /estadisticas HTTP/1.1" 200 -
2025-06-02 17:06:06,878 INFO: 127.0.0.1 - - [02/Jun/2025 17:06:06] "[36mGET /static/images/rosarina.png HTTP/1.1[0m" 304 -
2025-06-02 17:06:06,879 INFO: 127.0.0.1 - - [02/Jun/2025 17:06:06] "[36mGET /static/images/juanlacaze.png HTTP/1.1[0m" 304 -
2025-06-02 17:06:06,887 INFO: 127.0.0.1 - - [02/Jun/2025 17:06:06] "[36mGET /static/images/CEEC.png HTTP/1.1[0m" 304 -
2025-06-02 17:06:06,888 INFO: 127.0.0.1 - - [02/Jun/2025 17:06:06] "[36mGET /static/images/elparque.png HTTP/1.1[0m" 304 -
2025-06-02 17:06:06,888 INFO: 127.0.0.1 - - [02/Jun/2025 17:06:06] "[36mGET /static/images/independiente.png HTTP/1.1[0m" 304 -
2025-06-02 17:06:06,891 INFO: 127.0.0.1 - - [02/Jun/2025 17:06:06] "[36mGET /static/images/rosario_atletico.png HTTP/1.1[0m" 304 -
2025-06-02 17:06:06,892 INFO: 127.0.0.1 - - [02/Jun/2025 17:06:06] "[36mGET /static/images/pe√±arol.png HTTP/1.1[0m" 304 -
2025-06-02 17:06:06,894 INFO: 127.0.0.1 - - [02/Jun/2025 17:06:06] "[36mGET /static/images/reformers.png HTTP/1.1[0m" 304 -
2025-06-02 17:07:52,462 INFO: [31m[1mWARNING: This is a development server. Do not use it in a production deployment. Use a production WSGI server instead.[0m
 * Running on http://127.0.0.1:5000
2025-06-02 17:07:52,462 INFO: [33mPress CTRL+C to quit[0m
2025-06-02 17:07:56,572 INFO: 127.0.0.1 - - [02/Jun/2025 17:07:56] "GET /estadisticas HTTP/1.1" 200 -
2025-06-02 17:07:56,621 INFO: 127.0.0.1 - - [02/Jun/2025 17:07:56] "[36mGET /static/images/rosarina.png HTTP/1.1[0m" 304 -
2025-06-02 17:07:56,622 INFO: 127.0.0.1 - - [02/Jun/2025 17:07:56] "[36mGET /static/images/independiente.png HTTP/1.1[0m" 304 -
2025-06-02 17:07:56,623 INFO: 127.0.0.1 - - [02/Jun/2025 17:07:56] "[36mGET /static/images/elparque.png HTTP/1.1[0m" 304 -
2025-06-02 17:07:56,624 INFO: 127.0.0.1 - - [02/Jun/2025 17:07:56] "[36mGET /static/images/juanlacaze.png HTTP/1.1[0m" 304 -
2025-06-02 17:07:56,624 INFO: 127.0.0.1 - - [02/Jun/2025 17:07:56] "[36mGET /static/images/CEEC.png HTTP/1.1[0m" 304 -
2025-06-02 17:07:56,625 INFO: 127.0.0.1 - - [02/Jun/2025 17:07:56] "[36mGET /static/images/rosario_atletico.png HTTP/1.1[0m" 304 -
2025-06-02 17:07:56,629 INFO: 127.0.0.1 - - [02/Jun/2025 17:07:56] "[36mGET /static/images/reformers.png HTTP/1.1[0m" 304 -
2025-06-02 17:07:56,630 INFO: 127.0.0.1 - - [02/Jun/2025 17:07:56] "[36mGET /static/images/pe√±arol.png HTTP/1.1[0m" 304 -
2025-06-02 17:08:27,942 INFO: [31m[1mWARNING: This is a development server. Do not use it in a production deployment. Use a production WSGI server instead.[0m
 * Running on http://127.0.0.1:5000
2025-06-02 17:08:27,942 INFO: [33mPress CTRL+C to quit[0m
2025-06-02 17:08:30,623 INFO: 127.0.0.1 - - [02/Jun/2025 17:08:30] "GET /estadisticas HTTP/1.1" 200 -
2025-06-02 17:08:30,664 INFO: 127.0.0.1 - - [02/Jun/2025 17:08:30] "[36mGET /static/images/rosarina.png HTTP/1.1[0m" 304 -
2025-06-02 17:08:30,667 INFO: 127.0.0.1 - - [02/Jun/2025 17:08:30] "[36mGET /static/images/independiente.png HTTP/1.1[0m" 304 -
2025-06-02 17:08:30,667 INFO: 127.0.0.1 - - [02/Jun/2025 17:08:30] "[36mGET /static/images/juanlacaze.png HTTP/1.1[0m" 304 -
2025-06-02 17:08:30,668 INFO: 127.0.0.1 - - [02/Jun/2025 17:08:30] "[36mGET /static/images/elparque.png HTTP/1.1[0m" 304 -
2025-06-02 17:08:30,670 INFO: 127.0.0.1 - - [02/Jun/2025 17:08:30] "[36mGET /static/images/CEEC.png HTTP/1.1[0m" 304 -
2025-06-02 17:08:30,671 INFO: 127.0.0.1 - - [02/Jun/2025 17:08:30] "[36mGET /static/images/rosario_atletico.png HTTP/1.1[0m" 304 -
2025-06-02 17:08:30,673 INFO: 127.0.0.1 - - [02/Jun/2025 17:08:30] "[36mGET /static/images/reformers.png HTTP/1.1[0m" 304 -
2025-06-02 17:08:30,674 INFO: 127.0.0.1 - - [02/Jun/2025 17:08:30] "[36mGET /static/images/pe√±arol.png HTTP/1.1[0m" 304 -
2025-06-02 17:10:02,775 INFO: 127.0.0.1 - - [02/Jun/2025 17:10:02] "GET /estadisticas HTTP/1.1" 200 -
2025-06-02 17:10:02,823 INFO: 127.0.0.1 - - [02/Jun/2025 17:10:02] "[36mGET /static/images/juanlacaze.png HTTP/1.1[0m" 304 -
2025-06-02 17:10:02,823 INFO: 127.0.0.1 - - [02/Jun/2025 17:10:02] "[36mGET /static/images/rosarina.png HTTP/1.1[0m" 304 -
2025-06-02 17:10:02,835 INFO: 127.0.0.1 - - [02/Jun/2025 17:10:02] "[36mGET /static/images/CEEC.png HTTP/1.1[0m" 304 -
2025-06-02 17:10:02,839 INFO: 127.0.0.1 - - [02/Jun/2025 17:10:02] "[36mGET /static/images/independiente.png HTTP/1.1[0m" 304 -
2025-06-02 17:10:02,842 INFO: 127.0.0.1 - - [02/Jun/2025 17:10:02] "[36mGET /static/images/elparque.png HTTP/1.1[0m" 304 -
2025-06-02 17:10:02,843 INFO: 127.0.0.1 - - [02/Jun/2025 17:10:02] "[36mGET /static/images/rosario_atletico.png HTTP/1.1[0m" 304 -
2025-06-02 17:10:02,845 INFO: 127.0.0.1 - - [02/Jun/2025 17:10:02] "[36mGET /static/images/pe√±arol.png HTTP/1.1[0m" 304 -
2025-06-02 17:10:02,849 INFO: 127.0.0.1 - - [02/Jun/2025 17:10:02] "[36mGET /static/images/reformers.png HTTP/1.1[0m" 304 -
2025-06-02 17:10:06,047 INFO: [31m[1mWARNING: This is a development server. Do not use it in a production deployment. Use a production WSGI server instead.[0m
 * Running on http://127.0.0.1:5000
2025-06-02 17:10:06,047 INFO: [33mPress CTRL+C to quit[0m
2025-06-02 17:10:06,997 INFO: 127.0.0.1 - - [02/Jun/2025 17:10:06] "GET /estadisticas HTTP/1.1" 200 -
2025-06-02 17:10:07,032 INFO: 127.0.0.1 - - [02/Jun/2025 17:10:07] "[36mGET /static/images/rosarina.png HTTP/1.1[0m" 304 -
2025-06-02 17:10:07,032 INFO: 127.0.0.1 - - [02/Jun/2025 17:10:07] "[36mGET /static/images/juanlacaze.png HTTP/1.1[0m" 304 -
2025-06-02 17:10:07,047 INFO: 127.0.0.1 - - [02/Jun/2025 17:10:07] "[36mGET /static/images/CEEC.png HTTP/1.1[0m" 304 -
2025-06-02 17:10:07,048 INFO: 127.0.0.1 - - [02/Jun/2025 17:10:07] "[36mGET /static/images/elparque.png HTTP/1.1[0m" 304 -
2025-06-02 17:10:07,048 INFO: 127.0.0.1 - - [02/Jun/2025 17:10:07] "[36mGET /static/images/independiente.png HTTP/1.1[0m" 304 -
2025-06-02 17:10:07,050 INFO: 127.0.0.1 - - [02/Jun/2025 17:10:07] "[36mGET /static/images/rosario_atletico.png HTTP/1.1[0m" 304 -
2025-06-02 17:10:07,052 INFO: 127.0.0.1 - - [02/Jun/2025 17:10:07] "[36mGET /static/images/pe√±arol.png HTTP/1.1[0m" 304 -
2025-06-02 17:10:07,054 INFO: 127.0.0.1 - - [02/Jun/2025 17:10:07] "[36mGET /static/images/reformers.png HTTP/1.1[0m" 304 -
2025-06-02 17:10:07,068 INFO: 127.0.0.1 - - [02/Jun/2025 17:10:07] "GET /estadisticas HTTP/1.1" 200 -
2025-06-02 17:10:07,097 INFO: 127.0.0.1 - - [02/Jun/2025 17:10:07] "[36mGET /static/images/rosarina.png HTTP/1.1[0m" 304 -
2025-06-02 17:10:07,100 INFO: 127.0.0.1 - - [02/Jun/2025 17:10:07] "[36mGET /static/images/juanlacaze.png HTTP/1.1[0m" 304 -
2025-06-02 17:10:07,126 INFO: 127.0.0.1 - - [02/Jun/2025 17:10:07] "[36mGET /static/images/independiente.png HTTP/1.1[0m" 304 -
2025-06-02 17:10:07,129 INFO: 127.0.0.1 - - [02/Jun/2025 17:10:07] "[36mGET /static/images/elparque.png HTTP/1.1[0m" 304 -
2025-06-02 17:10:07,130 INFO: 127.0.0.1 - - [02/Jun/2025 17:10:07] "[36mGET /static/images/CEEC.png HTTP/1.1[0m" 304 -
2025-06-02 17:10:07,137 INFO: 127.0.0.1 - - [02/Jun/2025 17:10:07] "[36mGET /static/images/pe√±arol.png HTTP/1.1[0m" 304 -
2025-06-02 17:10:07,141 INFO: 127.0.0.1 - - [02/Jun/2025 17:10:07] "[36mGET /static/images/rosario_atletico.png HTTP/1.1[0m" 304 -
2025-06-02 17:10:07,143 INFO: 127.0.0.1 - - [02/Jun/2025 17:10:07] "[36mGET /static/images/reformers.png HTTP/1.1[0m" 304 -
2025-06-02 17:10:08,509 INFO: 127.0.0.1 - - [02/Jun/2025 17:10:08] "GET /estadisticas HTTP/1.1" 200 -
2025-06-02 17:10:08,545 INFO: 127.0.0.1 - - [02/Jun/2025 17:10:08] "[36mGET /static/images/rosarina.png HTTP/1.1[0m" 304 -
2025-06-02 17:10:08,545 INFO: 127.0.0.1 - - [02/Jun/2025 17:10:08] "[36mGET /static/images/juanlacaze.png HTTP/1.1[0m" 304 -
2025-06-02 17:10:08,563 INFO: 127.0.0.1 - - [02/Jun/2025 17:10:08] "[36mGET /static/images/rosario_atletico.png HTTP/1.1[0m" 304 -
2025-06-02 17:10:08,563 INFO: 127.0.0.1 - - [02/Jun/2025 17:10:08] "[36mGET /static/images/pe√±arol.png HTTP/1.1[0m" 304 -
2025-06-02 17:10:08,564 INFO: 127.0.0.1 - - [02/Jun/2025 17:10:08] "[36mGET /static/images/elparque.png HTTP/1.1[0m" 304 -
2025-06-02 17:10:08,564 INFO: 127.0.0.1 - - [02/Jun/2025 17:10:08] "[36mGET /static/images/CEEC.png HTTP/1.1[0m" 304 -
2025-06-02 17:10:08,565 INFO: 127.0.0.1 - - [02/Jun/2025 17:10:08] "[36mGET /static/images/independiente.png HTTP/1.1[0m" 304 -
2025-06-02 17:10:08,565 INFO: 127.0.0.1 - - [02/Jun/2025 17:10:08] "[36mGET /static/images/reformers.png HTTP/1.1[0m" 304 -
2025-06-02 17:10:09,047 INFO: 127.0.0.1 - - [02/Jun/2025 17:10:09] "GET / HTTP/1.1" 200 -
2025-06-02 17:10:09,092 INFO: 127.0.0.1 - - [02/Jun/2025 17:10:09] "[36mGET /static/images/rosarina.png HTTP/1.1[0m" 304 -
2025-06-02 17:10:09,094 INFO: 127.0.0.1 - - [02/Jun/2025 17:10:09] "[36mGET /static/images/juanlacaze.png HTTP/1.1[0m" 304 -
2025-06-02 17:10:09,113 INFO: 127.0.0.1 - - [02/Jun/2025 17:10:09] "[36mGET /static/images/elparque.png HTTP/1.1[0m" 304 -
2025-06-02 17:10:09,114 INFO: 127.0.0.1 - - [02/Jun/2025 17:10:09] "[36mGET /static/images/CEEC.png HTTP/1.1[0m" 304 -
2025-06-02 17:10:09,116 INFO: 127.0.0.1 - - [02/Jun/2025 17:10:09] "[36mGET /static/images/independiente.png HTTP/1.1[0m" 304 -
2025-06-02 17:10:09,118 INFO: 127.0.0.1 - - [02/Jun/2025 17:10:09] "[36mGET /static/images/rosario_atletico.png HTTP/1.1[0m" 304 -
2025-06-02 17:10:09,119 INFO: 127.0.0.1 - - [02/Jun/2025 17:10:09] "[36mGET /static/images/pe√±arol.png HTTP/1.1[0m" 304 -
2025-06-02 17:10:09,120 INFO: 127.0.0.1 - - [02/Jun/2025 17:10:09] "[36mGET /static/images/reformers.png HTTP/1.1[0m" 304 -
2025-06-02 17:10:12,941 INFO: 127.0.0.1 - - [02/Jun/2025 17:10:12] "GET /estadisticas HTTP/1.1" 200 -
2025-06-02 17:10:12,975 INFO: 127.0.0.1 - - [02/Jun/2025 17:10:12] "[36mGET /static/images/rosarina.png HTTP/1.1[0m" 304 -
2025-06-02 17:10:12,976 INFO: 127.0.0.1 - - [02/Jun/2025 17:10:12] "[36mGET /static/images/juanlacaze.png HTTP/1.1[0m" 304 -
2025-06-02 17:10:12,987 INFO: 127.0.0.1 - - [02/Jun/2025 17:10:12] "[36mGET /static/images/CEEC.png HTTP/1.1[0m" 304 -
2025-06-02 17:10:12,989 INFO: 127.0.0.1 - - [02/Jun/2025 17:10:12] "[36mGET /static/images/independiente.png HTTP/1.1[0m" 304 -
2025-06-02 17:10:12,991 INFO: 127.0.0.1 - - [02/Jun/2025 17:10:12] "[36mGET /static/images/pe√±arol.png HTTP/1.1[0m" 304 -
2025-06-02 17:10:12,991 INFO: 127.0.0.1 - - [02/Jun/2025 17:10:12] "[36mGET /static/images/elparque.png HTTP/1.1[0m" 304 -
2025-06-02 17:10:12,991 INFO: 127.0.0.1 - - [02/Jun/2025 17:10:12] "[36mGET /static/images/rosario_atletico.png HTTP/1.1[0m" 304 -
2025-06-02 17:10:12,992 INFO: 127.0.0.1 - - [02/Jun/2025 17:10:12] "[36mGET /static/images/reformers.png HTTP/1.1[0m" 304 -
2025-06-02 17:11:10,750 INFO: [31m[1mWARNING: This is a development server. Do not use it in a production deployment. Use a production WSGI server instead.[0m
 * Running on http://127.0.0.1:5000
2025-06-02 17:11:10,750 INFO: [33mPress CTRL+C to quit[0m
2025-06-02 17:11:12,865 INFO: 127.0.0.1 - - [02/Jun/2025 17:11:12] "GET /estadisticas HTTP/1.1" 200 -
2025-06-02 17:11:12,902 INFO: 127.0.0.1 - - [02/Jun/2025 17:11:12] "[36mGET /static/images/juanlacaze.png HTTP/1.1[0m" 304 -
2025-06-02 17:11:12,903 INFO: 127.0.0.1 - - [02/Jun/2025 17:11:12] "[36mGET /static/images/rosarina.png HTTP/1.1[0m" 304 -
2025-06-02 17:11:12,919 INFO: 127.0.0.1 - - [02/Jun/2025 17:11:12] "[36mGET /static/images/CEEC.png HTTP/1.1[0m" 304 -
2025-06-02 17:11:12,920 INFO: 127.0.0.1 - - [02/Jun/2025 17:11:12] "[36mGET /static/images/rosario_atletico.png HTTP/1.1[0m" 304 -
2025-06-02 17:11:12,922 INFO: 127.0.0.1 - - [02/Jun/2025 17:11:12] "[36mGET /static/images/independiente.png HTTP/1.1[0m" 304 -
2025-06-02 17:11:12,927 INFO: 127.0.0.1 - - [02/Jun/2025 17:11:12] "[36mGET /static/images/pe√±arol.png HTTP/1.1[0m" 304 -
2025-06-02 17:11:12,929 INFO: 127.0.0.1 - - [02/Jun/2025 17:11:12] "[36mGET /static/images/elparque.png HTTP/1.1[0m" 304 -
2025-06-02 17:11:12,932 INFO: 127.0.0.1 - - [02/Jun/2025 17:11:12] "[36mGET /static/images/reformers.png HTTP/1.1[0m" 304 -
2025-06-02 17:11:17,854 INFO: 127.0.0.1 - - [02/Jun/2025 17:11:17] "GET /estadisticas HTTP/1.1" 200 -
2025-06-02 17:11:17,886 INFO: 127.0.0.1 - - [02/Jun/2025 17:11:17] "[36mGET /static/images/rosarina.png HTTP/1.1[0m" 304 -
2025-06-02 17:11:17,889 INFO: 127.0.0.1 - - [02/Jun/2025 17:11:17] "[36mGET /static/images/juanlacaze.png HTTP/1.1[0m" 304 -
2025-06-02 17:11:17,904 INFO: 127.0.0.1 - - [02/Jun/2025 17:11:17] "[36mGET /static/images/independiente.png HTTP/1.1[0m" 304 -
2025-06-02 17:11:17,905 INFO: 127.0.0.1 - - [02/Jun/2025 17:11:17] "[36mGET /static/images/CEEC.png HTTP/1.1[0m" 304 -
2025-06-02 17:11:17,907 INFO: 127.0.0.1 - - [02/Jun/2025 17:11:17] "[36mGET /static/images/elparque.png HTTP/1.1[0m" 304 -
2025-06-02 17:11:17,910 INFO: 127.0.0.1 - - [02/Jun/2025 17:11:17] "[36mGET /static/images/rosario_atletico.png HTTP/1.1[0m" 304 -
2025-06-02 17:11:17,911 INFO: 127.0.0.1 - - [02/Jun/2025 17:11:17] "[36mGET /static/images/pe√±arol.png HTTP/1.1[0m" 304 -
2025-06-02 17:11:17,912 INFO: 127.0.0.1 - - [02/Jun/2025 17:11:17] "[36mGET /static/images/reformers.png HTTP/1.1[0m" 304 -
2025-06-02 17:11:18,642 INFO: 127.0.0.1 - - [02/Jun/2025 17:11:18] "GET /estadisticas HTTP/1.1" 200 -
2025-06-02 17:11:18,683 INFO: 127.0.0.1 - - [02/Jun/2025 17:11:18] "[36mGET /static/images/rosarina.png HTTP/1.1[0m" 304 -
2025-06-02 17:11:18,685 INFO: 127.0.0.1 - - [02/Jun/2025 17:11:18] "[36mGET /static/images/juanlacaze.png HTTP/1.1[0m" 304 -
2025-06-02 17:11:18,696 INFO: 127.0.0.1 - - [02/Jun/2025 17:11:18] "[36mGET /static/images/CEEC.png HTTP/1.1[0m" 304 -
2025-06-02 17:11:18,699 INFO: 127.0.0.1 - - [02/Jun/2025 17:11:18] "[36mGET /static/images/independiente.png HTTP/1.1[0m" 304 -
2025-06-02 17:11:18,702 INFO: 127.0.0.1 - - [02/Jun/2025 17:11:18] "[36mGET /static/images/elparque.png HTTP/1.1[0m" 304 -
2025-06-02 17:11:18,703 INFO: 127.0.0.1 - - [02/Jun/2025 17:11:18] "[36mGET /static/images/rosario_atletico.png HTTP/1.1[0m" 304 -
2025-06-02 17:11:18,704 INFO: 127.0.0.1 - - [02/Jun/2025 17:11:18] "[36mGET /static/images/pe√±arol.png HTTP/1.1[0m" 304 -
2025-06-02 17:11:18,705 INFO: 127.0.0.1 - - [02/Jun/2025 17:11:18] "[36mGET /static/images/reformers.png HTTP/1.1[0m" 304 -
2025-06-02 17:11:20,529 INFO: 127.0.0.1 - - [02/Jun/2025 17:11:20] "GET / HTTP/1.1" 200 -
2025-06-02 17:11:20,568 INFO: 127.0.0.1 - - [02/Jun/2025 17:11:20] "[36mGET /static/images/rosarina.png HTTP/1.1[0m" 304 -
2025-06-02 17:11:20,569 INFO: 127.0.0.1 - - [02/Jun/2025 17:11:20] "[36mGET /static/images/juanlacaze.png HTTP/1.1[0m" 304 -
2025-06-02 17:11:20,585 INFO: 127.0.0.1 - - [02/Jun/2025 17:11:20] "[36mGET /static/images/CEEC.png HTTP/1.1[0m" 304 -
2025-06-02 17:11:20,590 INFO: 127.0.0.1 - - [02/Jun/2025 17:11:20] "[36mGET /static/images/elparque.png HTTP/1.1[0m" 304 -
2025-06-02 17:11:20,591 INFO: 127.0.0.1 - - [02/Jun/2025 17:11:20] "[36mGET /static/images/independiente.png HTTP/1.1[0m" 304 -
2025-06-02 17:11:20,593 INFO: 127.0.0.1 - - [02/Jun/2025 17:11:20] "[36mGET /static/images/rosario_atletico.png HTTP/1.1[0m" 304 -
2025-06-02 17:11:20,593 INFO: 127.0.0.1 - - [02/Jun/2025 17:11:20] "[36mGET /static/images/pe√±arol.png HTTP/1.1[0m" 304 -
2025-06-02 17:11:20,594 INFO: 127.0.0.1 - - [02/Jun/2025 17:11:20] "[36mGET /static/images/reformers.png HTTP/1.1[0m" 304 -
2025-06-02 17:11:21,258 INFO: 127.0.0.1 - - [02/Jun/2025 17:11:21] "GET /estadisticas HTTP/1.1" 200 -
2025-06-02 17:11:21,300 INFO: 127.0.0.1 - - [02/Jun/2025 17:11:21] "[36mGET /static/images/rosarina.png HTTP/1.1[0m" 304 -
2025-06-02 17:11:21,301 INFO: 127.0.0.1 - - [02/Jun/2025 17:11:21] "[36mGET /static/images/juanlacaze.png HTTP/1.1[0m" 304 -
2025-06-02 17:11:21,314 INFO: 127.0.0.1 - - [02/Jun/2025 17:11:21] "[36mGET /static/images/independiente.png HTTP/1.1[0m" 304 -
2025-06-02 17:11:21,315 INFO: 127.0.0.1 - - [02/Jun/2025 17:11:21] "[36mGET /static/images/CEEC.png HTTP/1.1[0m" 304 -
2025-06-02 17:11:21,316 INFO: 127.0.0.1 - - [02/Jun/2025 17:11:21] "[36mGET /static/images/elparque.png HTTP/1.1[0m" 304 -
2025-06-02 17:11:21,317 INFO: 127.0.0.1 - - [02/Jun/2025 17:11:21] "[36mGET /static/images/pe√±arol.png HTTP/1.1[0m" 304 -
2025-06-02 17:11:21,318 INFO: 127.0.0.1 - - [02/Jun/2025 17:11:21] "[36mGET /static/images/reformers.png HTTP/1.1[0m" 304 -
2025-06-02 17:11:21,318 INFO: 127.0.0.1 - - [02/Jun/2025 17:11:21] "[36mGET /static/images/rosario_atletico.png HTTP/1.1[0m" 304 -
2025-06-02 17:11:57,805 INFO: 127.0.0.1 - - [02/Jun/2025 17:11:57] "GET /estadisticas HTTP/1.1" 200 -
2025-06-02 17:11:57,901 INFO: 127.0.0.1 - - [02/Jun/2025 17:11:57] "[36mGET /static/images/rosarina.png HTTP/1.1[0m" 304 -
2025-06-02 17:11:57,904 INFO: 127.0.0.1 - - [02/Jun/2025 17:11:57] "[36mGET /static/images/juanlacaze.png HTTP/1.1[0m" 304 -
2025-06-02 17:11:57,919 INFO: 127.0.0.1 - - [02/Jun/2025 17:11:57] "[36mGET /static/images/CEEC.png HTTP/1.1[0m" 304 -
2025-06-02 17:11:57,926 INFO: 127.0.0.1 - - [02/Jun/2025 17:11:57] "[36mGET /static/images/independiente.png HTTP/1.1[0m" 304 -
2025-06-02 17:11:57,930 INFO: 127.0.0.1 - - [02/Jun/2025 17:11:57] "[36mGET /static/images/elparque.png HTTP/1.1[0m" 304 -
2025-06-02 17:11:57,934 INFO: 127.0.0.1 - - [02/Jun/2025 17:11:57] "[36mGET /static/images/rosario_atletico.png HTTP/1.1[0m" 304 -
2025-06-02 17:11:57,937 INFO: 127.0.0.1 - - [02/Jun/2025 17:11:57] "[36mGET /static/images/pe√±arol.png HTTP/1.1[0m" 304 -
2025-06-02 17:11:57,940 INFO: 127.0.0.1 - - [02/Jun/2025 17:11:57] "[36mGET /static/images/reformers.png HTTP/1.1[0m" 304 -
2025-06-02 17:12:23,088 INFO: [31m[1mWARNING: This is a development server. Do not use it in a production deployment. Use a production WSGI server instead.[0m
 * Running on http://127.0.0.1:5000
2025-06-02 17:12:23,089 INFO: [33mPress CTRL+C to quit[0m
2025-06-02 17:12:24,928 INFO: 127.0.0.1 - - [02/Jun/2025 17:12:24] "GET /estadisticas HTTP/1.1" 200 -
2025-06-02 17:12:24,955 INFO: 127.0.0.1 - - [02/Jun/2025 17:12:24] "[36mGET /static/images/rosarina.png HTTP/1.1[0m" 304 -
2025-06-02 17:12:24,958 INFO: 127.0.0.1 - - [02/Jun/2025 17:12:24] "[36mGET /static/images/juanlacaze.png HTTP/1.1[0m" 304 -
2025-06-02 17:12:24,978 INFO: 127.0.0.1 - - [02/Jun/2025 17:12:24] "[36mGET /static/images/CEEC.png HTTP/1.1[0m" 304 -
2025-06-02 17:12:24,978 INFO: 127.0.0.1 - - [02/Jun/2025 17:12:24] "[36mGET /static/images/independiente.png HTTP/1.1[0m" 304 -
2025-06-02 17:12:24,980 INFO: 127.0.0.1 - - [02/Jun/2025 17:12:24] "[36mGET /static/images/elparque.png HTTP/1.1[0m" 304 -
2025-06-02 17:12:24,985 INFO: 127.0.0.1 - - [02/Jun/2025 17:12:24] "[36mGET /static/images/rosario_atletico.png HTTP/1.1[0m" 304 -
2025-06-02 17:12:24,987 INFO: 127.0.0.1 - - [02/Jun/2025 17:12:24] "[36mGET /static/images/pe√±arol.png HTTP/1.1[0m" 304 -
2025-06-02 17:12:24,989 INFO: 127.0.0.1 - - [02/Jun/2025 17:12:24] "[36mGET /static/images/reformers.png HTTP/1.1[0m" 304 -
2025-06-02 17:13:20,646 INFO: [31m[1mWARNING: This is a development server. Do not use it in a production deployment. Use a production WSGI server instead.[0m
 * Running on http://127.0.0.1:5000
2025-06-02 17:13:20,646 INFO: [33mPress CTRL+C to quit[0m
2025-06-02 17:13:22,582 INFO: 127.0.0.1 - - [02/Jun/2025 17:13:22] "GET /estadisticas HTTP/1.1" 200 -
2025-06-02 17:13:22,632 INFO: 127.0.0.1 - - [02/Jun/2025 17:13:22] "[36mGET /static/images/rosarina.png HTTP/1.1[0m" 304 -
2025-06-02 17:13:22,633 INFO: 127.0.0.1 - - [02/Jun/2025 17:13:22] "[36mGET /static/images/juanlacaze.png HTTP/1.1[0m" 304 -
2025-06-02 17:13:22,640 INFO: 127.0.0.1 - - [02/Jun/2025 17:13:22] "[36mGET /static/images/CEEC.png HTTP/1.1[0m" 304 -
2025-06-02 17:13:22,643 INFO: 127.0.0.1 - - [02/Jun/2025 17:13:22] "[36mGET /static/images/independiente.png HTTP/1.1[0m" 304 -
2025-06-02 17:13:22,643 INFO: 127.0.0.1 - - [02/Jun/2025 17:13:22] "[36mGET /static/images/elparque.png HTTP/1.1[0m" 304 -
2025-06-02 17:13:22,647 INFO: 127.0.0.1 - - [02/Jun/2025 17:13:22] "[36mGET /static/images/rosario_atletico.png HTTP/1.1[0m" 304 -
2025-06-02 17:13:22,649 INFO: 127.0.0.1 - - [02/Jun/2025 17:13:22] "[36mGET /static/images/pe√±arol.png HTTP/1.1[0m" 304 -
2025-06-02 17:13:22,649 INFO: 127.0.0.1 - - [02/Jun/2025 17:13:22] "[36mGET /static/images/reformers.png HTTP/1.1[0m" 304 -
2025-06-02 17:13:29,881 INFO: 127.0.0.1 - - [02/Jun/2025 17:13:29] "GET / HTTP/1.1" 200 -
2025-06-02 17:13:29,922 INFO: 127.0.0.1 - - [02/Jun/2025 17:13:29] "[36mGET /static/images/rosarina.png HTTP/1.1[0m" 304 -
2025-06-02 17:13:29,925 INFO: 127.0.0.1 - - [02/Jun/2025 17:13:29] "[36mGET /static/images/juanlacaze.png HTTP/1.1[0m" 304 -
2025-06-02 17:13:29,944 INFO: 127.0.0.1 - - [02/Jun/2025 17:13:29] "[36mGET /static/images/elparque.png HTTP/1.1[0m" 304 -
2025-06-02 17:13:29,945 INFO: 127.0.0.1 - - [02/Jun/2025 17:13:29] "[36mGET /static/images/CEEC.png HTTP/1.1[0m" 304 -
2025-06-02 17:13:29,946 INFO: 127.0.0.1 - - [02/Jun/2025 17:13:29] "[36mGET /static/images/independiente.png HTTP/1.1[0m" 304 -
2025-06-02 17:13:29,947 INFO: 127.0.0.1 - - [02/Jun/2025 17:13:29] "[36mGET /static/images/rosario_atletico.png HTTP/1.1[0m" 304 -
2025-06-02 17:13:29,949 INFO: 127.0.0.1 - - [02/Jun/2025 17:13:29] "[36mGET /static/images/pe√±arol.png HTTP/1.1[0m" 304 -
2025-06-02 17:13:29,949 INFO: 127.0.0.1 - - [02/Jun/2025 17:13:29] "[36mGET /static/images/reformers.png HTTP/1.1[0m" 304 -
2025-06-02 17:13:34,854 INFO: 127.0.0.1 - - [02/Jun/2025 17:13:34] "GET /estadisticas HTTP/1.1" 200 -
2025-06-02 17:13:34,905 INFO: 127.0.0.1 - - [02/Jun/2025 17:13:34] "[36mGET /static/images/juanlacaze.png HTTP/1.1[0m" 304 -
2025-06-02 17:13:34,907 INFO: 127.0.0.1 - - [02/Jun/2025 17:13:34] "[36mGET /static/images/rosarina.png HTTP/1.1[0m" 304 -
2025-06-02 17:13:34,922 INFO: 127.0.0.1 - - [02/Jun/2025 17:13:34] "[36mGET /static/images/CEEC.png HTTP/1.1[0m" 304 -
2025-06-02 17:13:34,923 INFO: 127.0.0.1 - - [02/Jun/2025 17:13:34] "[36mGET /static/images/rosario_atletico.png HTTP/1.1[0m" 304 -
2025-06-02 17:13:34,923 INFO: 127.0.0.1 - - [02/Jun/2025 17:13:34] "[36mGET /static/images/elparque.png HTTP/1.1[0m" 304 -
2025-06-02 17:13:34,924 INFO: 127.0.0.1 - - [02/Jun/2025 17:13:34] "[36mGET /static/images/pe√±arol.png HTTP/1.1[0m" 304 -
2025-06-02 17:13:34,925 INFO: 127.0.0.1 - - [02/Jun/2025 17:13:34] "[36mGET /static/images/reformers.png HTTP/1.1[0m" 304 -
2025-06-02 17:13:34,926 INFO: 127.0.0.1 - - [02/Jun/2025 17:13:34] "[36mGET /static/images/independiente.png HTTP/1.1[0m" 304 -
2025-06-02 17:13:46,306 INFO: [31m[1mWARNING: This is a development server. Do not use it in a production deployment. Use a production WSGI server instead.[0m
 * Running on http://127.0.0.1:5000
2025-06-02 17:13:46,306 INFO: [33mPress CTRL+C to quit[0m
2025-06-02 17:13:47,866 INFO: 127.0.0.1 - - [02/Jun/2025 17:13:47] "GET /estadisticas HTTP/1.1" 200 -
2025-06-02 17:13:47,897 INFO: 127.0.0.1 - - [02/Jun/2025 17:13:47] "[36mGET /static/images/rosarina.png HTTP/1.1[0m" 304 -
2025-06-02 17:13:47,902 INFO: 127.0.0.1 - - [02/Jun/2025 17:13:47] "[36mGET /static/images/juanlacaze.png HTTP/1.1[0m" 304 -
2025-06-02 17:13:47,921 INFO: 127.0.0.1 - - [02/Jun/2025 17:13:47] "[36mGET /static/images/independiente.png HTTP/1.1[0m" 304 -
2025-06-02 17:13:47,921 INFO: 127.0.0.1 - - [02/Jun/2025 17:13:47] "[36mGET /static/images/CEEC.png HTTP/1.1[0m" 304 -
2025-06-02 17:13:47,923 INFO: 127.0.0.1 - - [02/Jun/2025 17:13:47] "[36mGET /static/images/elparque.png HTTP/1.1[0m" 304 -
2025-06-02 17:13:47,926 INFO: 127.0.0.1 - - [02/Jun/2025 17:13:47] "[36mGET /static/images/rosario_atletico.png HTTP/1.1[0m" 304 -
2025-06-02 17:13:47,929 INFO: 127.0.0.1 - - [02/Jun/2025 17:13:47] "[36mGET /static/images/pe√±arol.png HTTP/1.1[0m" 304 -
2025-06-02 17:13:47,931 INFO: 127.0.0.1 - - [02/Jun/2025 17:13:47] "[36mGET /static/images/reformers.png HTTP/1.1[0m" 304 -
2025-06-02 17:16:42,224 INFO: [31m[1mWARNING: This is a development server. Do not use it in a production deployment. Use a production WSGI server instead.[0m
 * Running on http://127.0.0.1:5000
2025-06-02 17:16:42,224 INFO: [33mPress CTRL+C to quit[0m
2025-06-02 17:16:45,545 INFO: 127.0.0.1 - - [02/Jun/2025 17:16:45] "GET / HTTP/1.1" 200 -
2025-06-02 17:16:45,597 INFO: 127.0.0.1 - - [02/Jun/2025 17:16:45] "[36mGET /static/images/rosarina.png HTTP/1.1[0m" 304 -
2025-06-02 17:16:45,598 INFO: 127.0.0.1 - - [02/Jun/2025 17:16:45] "[36mGET /static/images/juanlacaze.png HTTP/1.1[0m" 304 -
2025-06-02 17:16:45,608 INFO: 127.0.0.1 - - [02/Jun/2025 17:16:45] "[36mGET /static/images/CEEC.png HTTP/1.1[0m" 304 -
2025-06-02 17:16:45,612 INFO: 127.0.0.1 - - [02/Jun/2025 17:16:45] "[36mGET /static/images/elparque.png HTTP/1.1[0m" 304 -
2025-06-02 17:16:45,615 INFO: 127.0.0.1 - - [02/Jun/2025 17:16:45] "[36mGET /static/images/rosario_atletico.png HTTP/1.1[0m" 304 -
2025-06-02 17:16:45,615 INFO: 127.0.0.1 - - [02/Jun/2025 17:16:45] "[36mGET /static/images/independiente.png HTTP/1.1[0m" 304 -
2025-06-02 17:16:45,616 INFO: 127.0.0.1 - - [02/Jun/2025 17:16:45] "[36mGET /static/images/pe√±arol.png HTTP/1.1[0m" 304 -
2025-06-02 17:16:45,618 INFO: 127.0.0.1 - - [02/Jun/2025 17:16:45] "[36mGET /static/images/reformers.png HTTP/1.1[0m" 304 -
2025-06-02 17:16:46,953 INFO: 127.0.0.1 - - [02/Jun/2025 17:16:46] "GET /estadisticas HTTP/1.1" 200 -
2025-06-02 17:16:47,002 INFO: 127.0.0.1 - - [02/Jun/2025 17:16:47] "[36mGET /static/images/rosarina.png HTTP/1.1[0m" 304 -
2025-06-02 17:16:47,003 INFO: 127.0.0.1 - - [02/Jun/2025 17:16:47] "[36mGET /static/images/juanlacaze.png HTTP/1.1[0m" 304 -
2025-06-02 17:16:47,017 INFO: 127.0.0.1 - - [02/Jun/2025 17:16:47] "[36mGET /static/images/CEEC.png HTTP/1.1[0m" 304 -
2025-06-02 17:16:47,020 INFO: 127.0.0.1 - - [02/Jun/2025 17:16:47] "[36mGET /static/images/independiente.png HTTP/1.1[0m" 304 -
2025-06-02 17:16:47,030 INFO: 127.0.0.1 - - [02/Jun/2025 17:16:47] "[36mGET /static/images/elparque.png HTTP/1.1[0m" 304 -
2025-06-02 17:16:47,033 INFO: 127.0.0.1 - - [02/Jun/2025 17:16:47] "[36mGET /static/images/rosario_atletico.png HTTP/1.1[0m" 304 -
2025-06-02 17:16:47,034 INFO: 127.0.0.1 - - [02/Jun/2025 17:16:47] "[36mGET /static/images/pe√±arol.png HTTP/1.1[0m" 304 -
2025-06-02 17:16:47,034 INFO: 127.0.0.1 - - [02/Jun/2025 17:16:47] "[36mGET /static/images/reformers.png HTTP/1.1[0m" 304 -
2025-06-02 17:18:39,488 INFO: [31m[1mWARNING: This is a development server. Do not use it in a production deployment. Use a production WSGI server instead.[0m
 * Running on http://127.0.0.1:5000
2025-06-02 17:18:39,489 INFO: [33mPress CTRL+C to quit[0m
2025-06-02 17:18:42,506 INFO: 127.0.0.1 - - [02/Jun/2025 17:18:42] "GET /estadisticas HTTP/1.1" 200 -
2025-06-02 17:18:42,574 INFO: 127.0.0.1 - - [02/Jun/2025 17:18:42] "[36mGET /static/images/rosarina.png HTTP/1.1[0m" 304 -
2025-06-02 17:18:42,576 INFO: 127.0.0.1 - - [02/Jun/2025 17:18:42] "[36mGET /static/images/juanlacaze.png HTTP/1.1[0m" 304 -
2025-06-02 17:18:42,586 INFO: 127.0.0.1 - - [02/Jun/2025 17:18:42] "[36mGET /static/images/CEEC.png HTTP/1.1[0m" 304 -
2025-06-02 17:18:42,589 INFO: 127.0.0.1 - - [02/Jun/2025 17:18:42] "[36mGET /static/images/independiente.png HTTP/1.1[0m" 304 -
2025-06-02 17:18:42,590 INFO: 127.0.0.1 - - [02/Jun/2025 17:18:42] "[36mGET /static/images/elparque.png HTTP/1.1[0m" 304 -
2025-06-02 17:18:42,592 INFO: 127.0.0.1 - - [02/Jun/2025 17:18:42] "[36mGET /static/images/rosario_atletico.png HTTP/1.1[0m" 304 -
2025-06-02 17:18:42,595 INFO: 127.0.0.1 - - [02/Jun/2025 17:18:42] "[36mGET /static/images/pe√±arol.png HTTP/1.1[0m" 304 -
2025-06-02 17:18:42,598 INFO: 127.0.0.1 - - [02/Jun/2025 17:18:42] "[36mGET /static/images/reformers.png HTTP/1.1[0m" 304 -
2025-06-02 17:18:42,611 INFO: 127.0.0.1 - - [02/Jun/2025 17:18:42] "[36mGET /static/images/CEEC.png HTTP/1.1[0m" 304 -
2025-06-02 17:18:42,614 INFO: 127.0.0.1 - - [02/Jun/2025 17:18:42] "[36mGET /static/images/independiente.png HTTP/1.1[0m" 304 -
2025-06-02 17:18:42,619 INFO: 127.0.0.1 - - [02/Jun/2025 17:18:42] "[36mGET /static/images/elparque.png HTTP/1.1[0m" 304 -
2025-06-02 17:18:42,619 INFO: 127.0.0.1 - - [02/Jun/2025 17:18:42] "[36mGET /static/images/reformers.png HTTP/1.1[0m" 304 -
2025-06-02 17:18:42,620 INFO: 127.0.0.1 - - [02/Jun/2025 17:18:42] "[36mGET /static/images/pe√±arol.png HTTP/1.1[0m" 304 -
2025-06-02 17:18:42,623 INFO: 127.0.0.1 - - [02/Jun/2025 17:18:42] "[36mGET /static/images/rosario_atletico.png HTTP/1.1[0m" 304 -
2025-06-02 17:20:12,930 INFO: [31m[1mWARNING: This is a development server. Do not use it in a production deployment. Use a production WSGI server instead.[0m
 * Running on http://127.0.0.1:5000
2025-06-02 17:20:12,931 INFO: [33mPress CTRL+C to quit[0m
2025-06-02 17:20:15,095 INFO: 127.0.0.1 - - [02/Jun/2025 17:20:15] "GET / HTTP/1.1" 200 -
2025-06-02 17:20:15,157 INFO: 127.0.0.1 - - [02/Jun/2025 17:20:15] "[36mGET /static/images/rosarina.png HTTP/1.1[0m" 304 -
2025-06-02 17:20:15,158 INFO: 127.0.0.1 - - [02/Jun/2025 17:20:15] "[36mGET /static/images/juanlacaze.png HTTP/1.1[0m" 304 -
2025-06-02 17:20:15,160 INFO: 127.0.0.1 - - [02/Jun/2025 17:20:15] "[36mGET /static/images/CEEC.png HTTP/1.1[0m" 304 -
2025-06-02 17:20:15,166 INFO: 127.0.0.1 - - [02/Jun/2025 17:20:15] "[36mGET /static/images/independiente.png HTTP/1.1[0m" 304 -
2025-06-02 17:20:15,166 INFO: 127.0.0.1 - - [02/Jun/2025 17:20:15] "[36mGET /static/images/elparque.png HTTP/1.1[0m" 304 -
2025-06-02 17:20:15,168 INFO: 127.0.0.1 - - [02/Jun/2025 17:20:15] "[36mGET /static/images/rosario_atletico.png HTTP/1.1[0m" 304 -
2025-06-02 17:20:15,178 INFO: 127.0.0.1 - - [02/Jun/2025 17:20:15] "[36mGET /static/images/pe√±arol.png HTTP/1.1[0m" 304 -
2025-06-02 17:20:15,179 INFO: 127.0.0.1 - - [02/Jun/2025 17:20:15] "[36mGET /static/images/reformers.png HTTP/1.1[0m" 304 -
2025-06-02 17:20:16,440 INFO: 127.0.0.1 - - [02/Jun/2025 17:20:16] "GET /estadisticas HTTP/1.1" 200 -
2025-06-02 17:20:16,495 INFO: 127.0.0.1 - - [02/Jun/2025 17:20:16] "[36mGET /static/images/rosarina.png HTTP/1.1[0m" 304 -
2025-06-02 17:20:16,499 INFO: 127.0.0.1 - - [02/Jun/2025 17:20:16] "[36mGET /static/images/juanlacaze.png HTTP/1.1[0m" 304 -
2025-06-02 17:20:16,508 INFO: 127.0.0.1 - - [02/Jun/2025 17:20:16] "[36mGET /static/images/CEEC.png HTTP/1.1[0m" 304 -
2025-06-02 17:20:16,510 INFO: 127.0.0.1 - - [02/Jun/2025 17:20:16] "[36mGET /static/images/elparque.png HTTP/1.1[0m" 304 -
2025-06-02 17:20:16,511 INFO: 127.0.0.1 - - [02/Jun/2025 17:20:16] "[36mGET /static/images/independiente.png HTTP/1.1[0m" 304 -
2025-06-02 17:20:16,514 INFO: 127.0.0.1 - - [02/Jun/2025 17:20:16] "[36mGET /static/images/rosario_atletico.png HTTP/1.1[0m" 304 -
2025-06-02 17:20:16,515 INFO: 127.0.0.1 - - [02/Jun/2025 17:20:16] "[36mGET /static/images/pe√±arol.png HTTP/1.1[0m" 304 -
2025-06-02 17:20:16,517 INFO: 127.0.0.1 - - [02/Jun/2025 17:20:16] "[36mGET /static/images/reformers.png HTTP/1.1[0m" 304 -
2025-06-02 17:20:44,289 INFO: 127.0.0.1 - - [02/Jun/2025 17:20:44] "GET /estadisticas HTTP/1.1" 200 -
2025-06-02 17:20:44,313 INFO: 127.0.0.1 - - [02/Jun/2025 17:20:44] "[36mGET /static/images/rosarina.png HTTP/1.1[0m" 304 -
2025-06-02 17:20:44,313 INFO: 127.0.0.1 - - [02/Jun/2025 17:20:44] "[36mGET /static/images/juanlacaze.png HTTP/1.1[0m" 304 -
2025-06-02 17:20:44,338 INFO: 127.0.0.1 - - [02/Jun/2025 17:20:44] "[36mGET /static/images/elparque.png HTTP/1.1[0m" 304 -
2025-06-02 17:20:44,338 INFO: 127.0.0.1 - - [02/Jun/2025 17:20:44] "[36mGET /static/images/CEEC.png HTTP/1.1[0m" 304 -
2025-06-02 17:20:44,339 INFO: 127.0.0.1 - - [02/Jun/2025 17:20:44] "[36mGET /static/images/rosario_atletico.png HTTP/1.1[0m" 304 -
2025-06-02 17:20:44,340 INFO: 127.0.0.1 - - [02/Jun/2025 17:20:44] "[36mGET /static/images/pe√±arol.png HTTP/1.1[0m" 304 -
2025-06-02 17:20:44,340 INFO: 127.0.0.1 - - [02/Jun/2025 17:20:44] "[36mGET /static/images/independiente.png HTTP/1.1[0m" 304 -
2025-06-02 17:20:44,341 INFO: 127.0.0.1 - - [02/Jun/2025 17:20:44] "[36mGET /static/images/reformers.png HTTP/1.1[0m" 304 -
2025-06-02 17:20:45,669 INFO: 127.0.0.1 - - [02/Jun/2025 17:20:45] "GET / HTTP/1.1" 200 -
2025-06-02 17:20:45,707 INFO: 127.0.0.1 - - [02/Jun/2025 17:20:45] "[36mGET /static/images/rosarina.png HTTP/1.1[0m" 304 -
2025-06-02 17:20:45,709 INFO: 127.0.0.1 - - [02/Jun/2025 17:20:45] "[36mGET /static/images/juanlacaze.png HTTP/1.1[0m" 304 -
2025-06-02 17:20:45,723 INFO: 127.0.0.1 - - [02/Jun/2025 17:20:45] "[36mGET /static/images/elparque.png HTTP/1.1[0m" 304 -
2025-06-02 17:20:45,724 INFO: 127.0.0.1 - - [02/Jun/2025 17:20:45] "[36mGET /static/images/CEEC.png HTTP/1.1[0m" 304 -
2025-06-02 17:20:45,725 INFO: 127.0.0.1 - - [02/Jun/2025 17:20:45] "[36mGET /static/images/rosario_atletico.png HTTP/1.1[0m" 304 -
2025-06-02 17:20:45,725 INFO: 127.0.0.1 - - [02/Jun/2025 17:20:45] "[36mGET /static/images/independiente.png HTTP/1.1[0m" 304 -
2025-06-02 17:20:45,727 INFO: 127.0.0.1 - - [02/Jun/2025 17:20:45] "[36mGET /static/images/pe√±arol.png HTTP/1.1[0m" 304 -
2025-06-02 17:20:45,728 INFO: 127.0.0.1 - - [02/Jun/2025 17:20:45] "[36mGET /static/images/reformers.png HTTP/1.1[0m" 304 -
2025-06-02 17:20:50,904 INFO: 127.0.0.1 - - [02/Jun/2025 17:20:50] "GET /estadisticas HTTP/1.1" 200 -
2025-06-02 17:20:50,959 INFO: 127.0.0.1 - - [02/Jun/2025 17:20:50] "[36mGET /static/images/rosarina.png HTTP/1.1[0m" 304 -
2025-06-02 17:20:50,960 INFO: 127.0.0.1 - - [02/Jun/2025 17:20:50] "[36mGET /static/images/juanlacaze.png HTTP/1.1[0m" 304 -
2025-06-02 17:20:50,975 INFO: 127.0.0.1 - - [02/Jun/2025 17:20:50] "[36mGET /static/images/independiente.png HTTP/1.1[0m" 304 -
2025-06-02 17:20:50,976 INFO: 127.0.0.1 - - [02/Jun/2025 17:20:50] "[36mGET /static/images/elparque.png HTTP/1.1[0m" 304 -
2025-06-02 17:20:50,976 INFO: 127.0.0.1 - - [02/Jun/2025 17:20:50] "[36mGET /static/images/CEEC.png HTTP/1.1[0m" 304 -
2025-06-02 17:20:50,978 INFO: 127.0.0.1 - - [02/Jun/2025 17:20:50] "[36mGET /static/images/rosario_atletico.png HTTP/1.1[0m" 304 -
2025-06-02 17:20:50,980 INFO: 127.0.0.1 - - [02/Jun/2025 17:20:50] "[36mGET /static/images/pe√±arol.png HTTP/1.1[0m" 304 -
2025-06-02 17:20:50,981 INFO: 127.0.0.1 - - [02/Jun/2025 17:20:50] "[36mGET /static/images/reformers.png HTTP/1.1[0m" 304 -
2025-06-02 17:21:31,161 INFO: [31m[1mWARNING: This is a development server. Do not use it in a production deployment. Use a production WSGI server instead.[0m
 * Running on http://127.0.0.1:5000
2025-06-02 17:21:31,161 INFO: [33mPress CTRL+C to quit[0m
2025-06-02 17:21:34,198 INFO: 127.0.0.1 - - [02/Jun/2025 17:21:34] "GET /estadisticas HTTP/1.1" 200 -
2025-06-02 17:21:34,263 INFO: 127.0.0.1 - - [02/Jun/2025 17:21:34] "[36mGET /static/images/rosarina.png HTTP/1.1[0m" 304 -
2025-06-02 17:21:34,265 INFO: 127.0.0.1 - - [02/Jun/2025 17:21:34] "[36mGET /static/images/juanlacaze.png HTTP/1.1[0m" 304 -
2025-06-02 17:21:34,267 INFO: 127.0.0.1 - - [02/Jun/2025 17:21:34] "[36mGET /static/images/independiente.png HTTP/1.1[0m" 304 -
2025-06-02 17:21:34,268 INFO: 127.0.0.1 - - [02/Jun/2025 17:21:34] "[36mGET /static/images/CEEC.png HTTP/1.1[0m" 304 -
2025-06-02 17:21:34,268 INFO: 127.0.0.1 - - [02/Jun/2025 17:21:34] "[36mGET /static/images/elparque.png HTTP/1.1[0m" 304 -
2025-06-02 17:21:34,272 INFO: 127.0.0.1 - - [02/Jun/2025 17:21:34] "[36mGET /static/images/rosario_atletico.png HTTP/1.1[0m" 304 -
2025-06-02 17:21:34,274 INFO: 127.0.0.1 - - [02/Jun/2025 17:21:34] "[36mGET /static/images/pe√±arol.png HTTP/1.1[0m" 304 -
2025-06-02 17:21:34,274 INFO: 127.0.0.1 - - [02/Jun/2025 17:21:34] "[36mGET /static/images/reformers.png HTTP/1.1[0m" 304 -
2025-06-02 17:21:36,012 INFO: 127.0.0.1 - - [02/Jun/2025 17:21:36] "GET / HTTP/1.1" 200 -
2025-06-02 17:21:36,055 INFO: 127.0.0.1 - - [02/Jun/2025 17:21:36] "[36mGET /static/images/juanlacaze.png HTTP/1.1[0m" 304 -
2025-06-02 17:21:36,055 INFO: 127.0.0.1 - - [02/Jun/2025 17:21:36] "[36mGET /static/images/rosarina.png HTTP/1.1[0m" 304 -
2025-06-02 17:21:36,070 INFO: 127.0.0.1 - - [02/Jun/2025 17:21:36] "[36mGET /static/images/CEEC.png HTTP/1.1[0m" 304 -
2025-06-02 17:21:36,073 INFO: 127.0.0.1 - - [02/Jun/2025 17:21:36] "[36mGET /static/images/rosario_atletico.png HTTP/1.1[0m" 304 -
2025-06-02 17:21:36,073 INFO: 127.0.0.1 - - [02/Jun/2025 17:21:36] "[36mGET /static/images/elparque.png HTTP/1.1[0m" 304 -
2025-06-02 17:21:36,074 INFO: 127.0.0.1 - - [02/Jun/2025 17:21:36] "[36mGET /static/images/independiente.png HTTP/1.1[0m" 304 -
2025-06-02 17:21:36,076 INFO: 127.0.0.1 - - [02/Jun/2025 17:21:36] "[36mGET /static/images/pe√±arol.png HTTP/1.1[0m" 304 -
2025-06-02 17:21:36,076 INFO: 127.0.0.1 - - [02/Jun/2025 17:21:36] "[36mGET /static/images/reformers.png HTTP/1.1[0m" 304 -
2025-06-02 17:21:36,807 INFO: 127.0.0.1 - - [02/Jun/2025 17:21:36] "GET /estadisticas HTTP/1.1" 200 -
2025-06-02 17:21:36,863 INFO: 127.0.0.1 - - [02/Jun/2025 17:21:36] "[36mGET /static/images/rosarina.png HTTP/1.1[0m" 304 -
2025-06-02 17:21:36,866 INFO: 127.0.0.1 - - [02/Jun/2025 17:21:36] "[36mGET /static/images/juanlacaze.png HTTP/1.1[0m" 304 -
2025-06-02 17:21:36,874 INFO: 127.0.0.1 - - [02/Jun/2025 17:21:36] "[36mGET /static/images/independiente.png HTTP/1.1[0m" 304 -
2025-06-02 17:21:36,875 INFO: 127.0.0.1 - - [02/Jun/2025 17:21:36] "[36mGET /static/images/CEEC.png HTTP/1.1[0m" 304 -
2025-06-02 17:21:36,877 INFO: 127.0.0.1 - - [02/Jun/2025 17:21:36] "[36mGET /static/images/elparque.png HTTP/1.1[0m" 304 -
2025-06-02 17:21:36,880 INFO: 127.0.0.1 - - [02/Jun/2025 17:21:36] "[36mGET /static/images/pe√±arol.png HTTP/1.1[0m" 304 -
2025-06-02 17:21:36,880 INFO: 127.0.0.1 - - [02/Jun/2025 17:21:36] "[36mGET /static/images/rosario_atletico.png HTTP/1.1[0m" 304 -
2025-06-02 17:21:36,881 INFO: 127.0.0.1 - - [02/Jun/2025 17:21:36] "[36mGET /static/images/reformers.png HTTP/1.1[0m" 304 -
2025-06-02 17:22:53,758 INFO: [31m[1mWARNING: This is a development server. Do not use it in a production deployment. Use a production WSGI server instead.[0m
 * Running on http://127.0.0.1:5000
2025-06-02 17:22:53,758 INFO: [33mPress CTRL+C to quit[0m
2025-06-02 17:22:57,023 INFO: 127.0.0.1 - - [02/Jun/2025 17:22:57] "GET /estadisticas HTTP/1.1" 200 -
2025-06-02 17:22:57,073 INFO: 127.0.0.1 - - [02/Jun/2025 17:22:57] "[36mGET /static/images/rosarina.png HTTP/1.1[0m" 304 -
2025-06-02 17:22:57,078 INFO: 127.0.0.1 - - [02/Jun/2025 17:22:57] "[36mGET /static/images/juanlacaze.png HTTP/1.1[0m" 304 -
2025-06-02 17:22:57,102 INFO: 127.0.0.1 - - [02/Jun/2025 17:22:57] "[36mGET /static/images/CEEC.png HTTP/1.1[0m" 304 -
2025-06-02 17:22:57,103 INFO: 127.0.0.1 - - [02/Jun/2025 17:22:57] "[36mGET /static/images/independiente.png HTTP/1.1[0m" 304 -
2025-06-02 17:22:57,105 INFO: 127.0.0.1 - - [02/Jun/2025 17:22:57] "[36mGET /static/images/elparque.png HTTP/1.1[0m" 304 -
2025-06-02 17:22:57,108 INFO: 127.0.0.1 - - [02/Jun/2025 17:22:57] "[36mGET /static/images/rosario_atletico.png HTTP/1.1[0m" 304 -
2025-06-02 17:22:57,111 INFO: 127.0.0.1 - - [02/Jun/2025 17:22:57] "[36mGET /static/images/pe√±arol.png HTTP/1.1[0m" 304 -
2025-06-02 17:22:57,117 INFO: 127.0.0.1 - - [02/Jun/2025 17:22:57] "[36mGET /static/images/reformers.png HTTP/1.1[0m" 304 -
2025-06-02 17:27:26,978 INFO: [31m[1mWARNING: This is a development server. Do not use it in a production deployment. Use a production WSGI server instead.[0m
 * Running on http://127.0.0.1:5000
2025-06-02 17:27:26,979 INFO: [33mPress CTRL+C to quit[0m
2025-06-02 17:27:31,770 INFO: 127.0.0.1 - - [02/Jun/2025 17:27:31] "GET /estadisticas HTTP/1.1" 200 -
2025-06-02 17:27:31,836 INFO: 127.0.0.1 - - [02/Jun/2025 17:27:31] "[36mGET /static/images/rosarina.png HTTP/1.1[0m" 304 -
2025-06-02 17:27:31,843 INFO: 127.0.0.1 - - [02/Jun/2025 17:27:31] "[36mGET /static/images/juanlacaze.png HTTP/1.1[0m" 304 -
2025-06-02 17:27:31,855 INFO: 127.0.0.1 - - [02/Jun/2025 17:27:31] "[36mGET /static/images/CEEC.png HTTP/1.1[0m" 304 -
2025-06-02 17:27:31,856 INFO: 127.0.0.1 - - [02/Jun/2025 17:27:31] "[36mGET /static/images/independiente.png HTTP/1.1[0m" 304 -
2025-06-02 17:27:31,860 INFO: 127.0.0.1 - - [02/Jun/2025 17:27:31] "[36mGET /static/images/elparque.png HTTP/1.1[0m" 304 -
2025-06-02 17:27:31,861 INFO: 127.0.0.1 - - [02/Jun/2025 17:27:31] "[36mGET /static/images/rosario_atletico.png HTTP/1.1[0m" 304 -
2025-06-02 17:27:31,862 INFO: 127.0.0.1 - - [02/Jun/2025 17:27:31] "[36mGET /static/images/pe√±arol.png HTTP/1.1[0m" 304 -
2025-06-02 17:27:31,864 INFO: 127.0.0.1 - - [02/Jun/2025 17:27:31] "[36mGET /static/images/reformers.png HTTP/1.1[0m" 304 -
2025-06-02 17:29:28,889 INFO: [31m[1mWARNING: This is a development server. Do not use it in a production deployment. Use a production WSGI server instead.[0m
 * Running on http://127.0.0.1:5000
2025-06-02 17:29:28,889 INFO: [33mPress CTRL+C to quit[0m
2025-06-02 17:29:31,491 INFO: 127.0.0.1 - - [02/Jun/2025 17:29:31] "GET /estadisticas HTTP/1.1" 200 -
2025-06-02 17:29:31,539 INFO: 127.0.0.1 - - [02/Jun/2025 17:29:31] "[36mGET /static/images/rosarina.png HTTP/1.1[0m" 304 -
2025-06-02 17:29:31,544 INFO: 127.0.0.1 - - [02/Jun/2025 17:29:31] "[36mGET /static/images/juanlacaze.png HTTP/1.1[0m" 304 -
2025-06-02 17:29:31,552 INFO: 127.0.0.1 - - [02/Jun/2025 17:29:31] "[36mGET /static/images/independiente.png HTTP/1.1[0m" 304 -
2025-06-02 17:29:31,552 INFO: 127.0.0.1 - - [02/Jun/2025 17:29:31] "[36mGET /static/images/CEEC.png HTTP/1.1[0m" 304 -
2025-06-02 17:29:31,557 INFO: 127.0.0.1 - - [02/Jun/2025 17:29:31] "[36mGET /static/images/pe√±arol.png HTTP/1.1[0m" 304 -
2025-06-02 17:29:31,558 INFO: 127.0.0.1 - - [02/Jun/2025 17:29:31] "[36mGET /static/images/elparque.png HTTP/1.1[0m" 304 -
2025-06-02 17:29:31,562 INFO: 127.0.0.1 - - [02/Jun/2025 17:29:31] "[36mGET /static/images/rosario_atletico.png HTTP/1.1[0m" 304 -
2025-06-02 17:29:31,564 INFO: 127.0.0.1 - - [02/Jun/2025 17:29:31] "[36mGET /static/images/reformers.png HTTP/1.1[0m" 304 -
2025-06-02 17:32:30,321 INFO: [31m[1mWARNING: This is a development server. Do not use it in a production deployment. Use a production WSGI server instead.[0m
 * Running on http://127.0.0.1:5000
2025-06-02 17:32:30,321 INFO: [33mPress CTRL+C to quit[0m
2025-06-02 17:32:31,992 INFO: 127.0.0.1 - - [02/Jun/2025 17:32:31] "GET /estadisticas HTTP/1.1" 200 -
2025-06-02 17:32:32,044 INFO: 127.0.0.1 - - [02/Jun/2025 17:32:32] "[36mGET /static/images/juanlacaze.png HTTP/1.1[0m" 304 -
2025-06-02 17:32:32,045 INFO: 127.0.0.1 - - [02/Jun/2025 17:32:32] "[36mGET /static/images/rosarina.png HTTP/1.1[0m" 304 -
2025-06-02 17:32:32,068 INFO: 127.0.0.1 - - [02/Jun/2025 17:32:32] "[36mGET /static/images/independiente.png HTTP/1.1[0m" 304 -
2025-06-02 17:32:32,074 INFO: 127.0.0.1 - - [02/Jun/2025 17:32:32] "[36mGET /static/images/CEEC.png HTTP/1.1[0m" 304 -
2025-06-02 17:32:32,076 INFO: 127.0.0.1 - - [02/Jun/2025 17:32:32] "[36mGET /static/images/elparque.png HTTP/1.1[0m" 304 -
2025-06-02 17:32:32,076 INFO: 127.0.0.1 - - [02/Jun/2025 17:32:32] "[36mGET /static/images/rosario_atletico.png HTTP/1.1[0m" 304 -
2025-06-02 17:32:32,080 INFO: 127.0.0.1 - - [02/Jun/2025 17:32:32] "[36mGET /static/images/reformers.png HTTP/1.1[0m" 304 -
2025-06-02 17:32:32,081 INFO: 127.0.0.1 - - [02/Jun/2025 17:32:32] "[36mGET /static/images/pe√±arol.png HTTP/1.1[0m" 304 -
2025-06-02 17:35:20,977 INFO: 127.0.0.1 - - [02/Jun/2025 17:35:20] "GET / HTTP/1.1" 200 -
2025-06-02 17:35:21,111 INFO: 127.0.0.1 - - [02/Jun/2025 17:35:21] "[36mGET /static/images/rosarina.png HTTP/1.1[0m" 304 -
2025-06-02 17:35:21,120 INFO: 127.0.0.1 - - [02/Jun/2025 17:35:21] "[36mGET /static/images/juanlacaze.png HTTP/1.1[0m" 304 -
2025-06-02 17:35:21,125 INFO: 127.0.0.1 - - [02/Jun/2025 17:35:21] "[36mGET /static/images/CEEC.png HTTP/1.1[0m" 304 -
2025-06-02 17:35:21,126 INFO: 127.0.0.1 - - [02/Jun/2025 17:35:21] "[36mGET /static/images/elparque.png HTTP/1.1[0m" 304 -
2025-06-02 17:35:21,131 INFO: 127.0.0.1 - - [02/Jun/2025 17:35:21] "[36mGET /static/images/independiente.png HTTP/1.1[0m" 304 -
2025-06-02 17:35:21,136 INFO: 127.0.0.1 - - [02/Jun/2025 17:35:21] "[36mGET /static/images/rosario_atletico.png HTTP/1.1[0m" 304 -
2025-06-02 17:35:21,158 INFO: 127.0.0.1 - - [02/Jun/2025 17:35:21] "[36mGET /static/images/pe√±arol.png HTTP/1.1[0m" 304 -
2025-06-02 17:35:21,164 INFO: 127.0.0.1 - - [02/Jun/2025 17:35:21] "[36mGET /static/images/reformers.png HTTP/1.1[0m" 304 -
2025-06-02 17:36:04,733 INFO: [31m[1mWARNING: This is a development server. Do not use it in a production deployment. Use a production WSGI server instead.[0m
 * Running on http://127.0.0.1:5000
2025-06-02 17:36:04,733 INFO: [33mPress CTRL+C to quit[0m
2025-06-02 17:36:12,011 INFO: [31m[1mWARNING: This is a development server. Do not use it in a production deployment. Use a production WSGI server instead.[0m
 * Running on http://127.0.0.1:5000
2025-06-02 17:36:12,011 INFO: [33mPress CTRL+C to quit[0m
2025-06-02 17:36:13,544 INFO: 127.0.0.1 - - [02/Jun/2025 17:36:13] "GET / HTTP/1.1" 200 -
2025-06-02 17:36:13,609 INFO: 127.0.0.1 - - [02/Jun/2025 17:36:13] "[36mGET /static/images/rosarina.png HTTP/1.1[0m" 304 -
2025-06-02 17:36:13,611 INFO: 127.0.0.1 - - [02/Jun/2025 17:36:13] "[36mGET /static/images/CEEC.png HTTP/1.1[0m" 304 -
2025-06-02 17:36:13,613 INFO: 127.0.0.1 - - [02/Jun/2025 17:36:13] "[36mGET /static/images/elparque.png HTTP/1.1[0m" 304 -
2025-06-02 17:36:13,614 INFO: 127.0.0.1 - - [02/Jun/2025 17:36:13] "[36mGET /static/images/juanlacaze.png HTTP/1.1[0m" 304 -
2025-06-02 17:36:13,617 INFO: 127.0.0.1 - - [02/Jun/2025 17:36:13] "[36mGET /static/images/independiente.png HTTP/1.1[0m" 304 -
2025-06-02 17:36:13,618 INFO: 127.0.0.1 - - [02/Jun/2025 17:36:13] "[36mGET /static/images/rosario_atletico.png HTTP/1.1[0m" 304 -
2025-06-02 17:36:13,621 INFO: 127.0.0.1 - - [02/Jun/2025 17:36:13] "[36mGET /static/images/pe√±arol.png HTTP/1.1[0m" 304 -
2025-06-02 17:36:13,624 INFO: 127.0.0.1 - - [02/Jun/2025 17:36:13] "[36mGET /static/images/reformers.png HTTP/1.1[0m" 304 -
2025-06-02 17:36:15,277 INFO: 127.0.0.1 - - [02/Jun/2025 17:36:15] "GET /estadisticas HTTP/1.1" 200 -
2025-06-02 17:36:15,341 INFO: 127.0.0.1 - - [02/Jun/2025 17:36:15] "[36mGET /static/images/rosarina.png HTTP/1.1[0m" 304 -
2025-06-02 17:36:15,343 INFO: 127.0.0.1 - - [02/Jun/2025 17:36:15] "[36mGET /static/images/juanlacaze.png HTTP/1.1[0m" 304 -
2025-06-02 17:36:15,344 INFO: 127.0.0.1 - - [02/Jun/2025 17:36:15] "[36mGET /static/images/CEEC.png HTTP/1.1[0m" 304 -
2025-06-02 17:36:15,346 INFO: 127.0.0.1 - - [02/Jun/2025 17:36:15] "[36mGET /static/images/independiente.png HTTP/1.1[0m" 304 -
2025-06-02 17:36:15,352 INFO: 127.0.0.1 - - [02/Jun/2025 17:36:15] "[36mGET /static/images/rosario_atletico.png HTTP/1.1[0m" 304 -
2025-06-02 17:36:15,353 INFO: 127.0.0.1 - - [02/Jun/2025 17:36:15] "[36mGET /static/images/elparque.png HTTP/1.1[0m" 304 -
2025-06-02 17:36:15,361 INFO: 127.0.0.1 - - [02/Jun/2025 17:36:15] "[36mGET /static/images/reformers.png HTTP/1.1[0m" 304 -
2025-06-02 17:36:15,361 INFO: 127.0.0.1 - - [02/Jun/2025 17:36:15] "[36mGET /static/images/pe√±arol.png HTTP/1.1[0m" 304 -
2025-06-02 17:37:29,218 INFO: 127.0.0.1 - - [02/Jun/2025 17:37:29] "[32mGET /logout HTTP/1.1[0m" 302 -
2025-06-02 17:37:29,241 INFO: 127.0.0.1 - - [02/Jun/2025 17:37:29] "GET / HTTP/1.1" 200 -
2025-06-02 17:37:29,400 INFO: 127.0.0.1 - - [02/Jun/2025 17:37:29] "[36mGET /static/images/rosarina.png HTTP/1.1[0m" 304 -
2025-06-02 17:37:29,410 INFO: 127.0.0.1 - - [02/Jun/2025 17:37:29] "[36mGET /static/images/independiente.png HTTP/1.1[0m" 304 -
2025-06-02 17:37:29,411 INFO: 127.0.0.1 - - [02/Jun/2025 17:37:29] "[36mGET /static/images/elparque.png HTTP/1.1[0m" 304 -
2025-06-02 17:37:29,412 INFO: 127.0.0.1 - - [02/Jun/2025 17:37:29] "[36mGET /static/images/CEEC.png HTTP/1.1[0m" 304 -
2025-06-02 17:37:29,413 INFO: 127.0.0.1 - - [02/Jun/2025 17:37:29] "[36mGET /static/images/juanlacaze.png HTTP/1.1[0m" 304 -
2025-06-02 17:37:29,418 INFO: 127.0.0.1 - - [02/Jun/2025 17:37:29] "[36mGET /static/images/rosario_atletico.png HTTP/1.1[0m" 304 -
2025-06-02 17:37:29,434 INFO: 127.0.0.1 - - [02/Jun/2025 17:37:29] "[36mGET /static/images/reformers.png HTTP/1.1[0m" 304 -
2025-06-02 17:37:29,437 INFO: 127.0.0.1 - - [02/Jun/2025 17:37:29] "[36mGET /static/images/pe√±arol.png HTTP/1.1[0m" 304 -
2025-06-02 17:37:30,472 INFO: 127.0.0.1 - - [02/Jun/2025 17:37:30] "GET /login HTTP/1.1" 200 -
2025-06-02 17:37:30,561 INFO: 127.0.0.1 - - [02/Jun/2025 17:37:30] "[36mGET /static/images/rosarina.png HTTP/1.1[0m" 304 -
2025-06-02 17:37:30,575 INFO: 127.0.0.1 - - [02/Jun/2025 17:37:30] "[36mGET /static/images/juanlacaze.png HTTP/1.1[0m" 304 -
2025-06-02 17:37:31,891 INFO: 127.0.0.1 - - [02/Jun/2025 17:37:31] "[32mPOST /login HTTP/1.1[0m" 302 -
2025-06-02 17:37:31,896 INFO: 127.0.0.1 - - [02/Jun/2025 17:37:31] "GET / HTTP/1.1" 200 -
2025-06-02 17:37:31,942 INFO: 127.0.0.1 - - [02/Jun/2025 17:37:31] "[36mGET /static/images/rosarina.png HTTP/1.1[0m" 304 -
2025-06-02 17:37:31,942 INFO: 127.0.0.1 - - [02/Jun/2025 17:37:31] "[36mGET /static/images/juanlacaze.png HTTP/1.1[0m" 304 -
2025-06-02 17:37:31,956 INFO: 127.0.0.1 - - [02/Jun/2025 17:37:31] "[36mGET /static/images/elparque.png HTTP/1.1[0m" 304 -
2025-06-02 17:37:31,957 INFO: 127.0.0.1 - - [02/Jun/2025 17:37:31] "[36mGET /static/images/CEEC.png HTTP/1.1[0m" 304 -
2025-06-02 17:37:31,957 INFO: 127.0.0.1 - - [02/Jun/2025 17:37:31] "[36mGET /static/images/independiente.png HTTP/1.1[0m" 304 -
2025-06-02 17:37:31,960 INFO: 127.0.0.1 - - [02/Jun/2025 17:37:31] "[36mGET /static/images/rosario_atletico.png HTTP/1.1[0m" 304 -
2025-06-02 17:37:31,961 INFO: 127.0.0.1 - - [02/Jun/2025 17:37:31] "[36mGET /static/images/pe√±arol.png HTTP/1.1[0m" 304 -
2025-06-02 17:37:31,961 INFO: 127.0.0.1 - - [02/Jun/2025 17:37:31] "[36mGET /static/images/reformers.png HTTP/1.1[0m" 304 -
2025-06-02 17:37:35,467 INFO: 127.0.0.1 - - [02/Jun/2025 17:37:35] "GET /ingresar-resultado HTTP/1.1" 200 -
2025-06-02 17:37:35,516 INFO: 127.0.0.1 - - [02/Jun/2025 17:37:35] "[36mGET /static/images/rosarina.png HTTP/1.1[0m" 304 -
2025-06-02 17:37:35,519 INFO: 127.0.0.1 - - [02/Jun/2025 17:37:35] "[36mGET /static/images/juanlacaze.png HTTP/1.1[0m" 304 -
2025-06-02 17:37:37,322 INFO: 127.0.0.1 - - [02/Jun/2025 17:37:37] "GET /ingresar-resultado?fecha=5 HTTP/1.1" 200 -
2025-06-02 17:37:37,361 INFO: 127.0.0.1 - - [02/Jun/2025 17:37:37] "[36mGET /static/images/rosarina.png HTTP/1.1[0m" 304 -
2025-06-02 17:37:37,365 INFO: 127.0.0.1 - - [02/Jun/2025 17:37:37] "[36mGET /static/images/juanlacaze.png HTTP/1.1[0m" 304 -
2025-06-02 17:37:37,379 INFO: 127.0.0.1 - - [02/Jun/2025 17:37:37] "[36mGET /static/images/reformers.png HTTP/1.1[0m" 304 -
2025-06-02 17:37:37,380 INFO: 127.0.0.1 - - [02/Jun/2025 17:37:37] "[36mGET /static/images/rosario_atletico.png HTTP/1.1[0m" 304 -
2025-06-02 17:37:37,382 INFO: 127.0.0.1 - - [02/Jun/2025 17:37:37] "[36mGET /static/images/independiente.png HTTP/1.1[0m" 304 -
2025-06-02 17:37:37,383 INFO: 127.0.0.1 - - [02/Jun/2025 17:37:37] "[36mGET /static/images/elparque.png HTTP/1.1[0m" 304 -
2025-06-02 17:37:37,385 INFO: 127.0.0.1 - - [02/Jun/2025 17:37:37] "[36mGET /static/images/CEEC.png HTTP/1.1[0m" 304 -
2025-06-02 17:37:37,386 INFO: 127.0.0.1 - - [02/Jun/2025 17:37:37] "[36mGET /static/images/pe√±arol.png HTTP/1.1[0m" 304 -
2025-06-02 17:38:14,398 INFO: [31m[1mWARNING: This is a development server. Do not use it in a production deployment. Use a production WSGI server instead.[0m
 * Running on http://127.0.0.1:5000
2025-06-02 17:38:14,399 INFO: [33mPress CTRL+C to quit[0m
2025-06-02 17:38:17,656 INFO: 127.0.0.1 - - [02/Jun/2025 17:38:17] "GET /ingresar-resultado?fecha=5 HTTP/1.1" 200 -
2025-06-02 17:38:17,714 INFO: 127.0.0.1 - - [02/Jun/2025 17:38:17] "[36mGET /static/images/rosarina.png HTTP/1.1[0m" 304 -
2025-06-02 17:38:17,716 INFO: 127.0.0.1 - - [02/Jun/2025 17:38:17] "[36mGET /static/images/juanlacaze.png HTTP/1.1[0m" 304 -
2025-06-02 17:38:17,717 INFO: 127.0.0.1 - - [02/Jun/2025 17:38:17] "[36mGET /static/images/reformers.png HTTP/1.1[0m" 304 -
2025-06-02 17:38:17,718 INFO: 127.0.0.1 - - [02/Jun/2025 17:38:17] "[36mGET /static/images/rosario_atletico.png HTTP/1.1[0m" 304 -
2025-06-02 17:38:17,722 INFO: 127.0.0.1 - - [02/Jun/2025 17:38:17] "[36mGET /static/images/independiente.png HTTP/1.1[0m" 304 -
2025-06-02 17:38:17,723 INFO: 127.0.0.1 - - [02/Jun/2025 17:38:17] "[36mGET /static/images/elparque.png HTTP/1.1[0m" 304 -
2025-06-02 17:38:17,723 INFO: 127.0.0.1 - - [02/Jun/2025 17:38:17] "[36mGET /static/images/pe√±arol.png HTTP/1.1[0m" 304 -
2025-06-02 17:38:17,726 INFO: 127.0.0.1 - - [02/Jun/2025 17:38:17] "[36mGET /static/images/CEEC.png HTTP/1.1[0m" 304 -
2025-06-02 17:38:19,168 INFO: 127.0.0.1 - - [02/Jun/2025 17:38:19] "GET / HTTP/1.1" 200 -
2025-06-02 17:38:19,228 INFO: 127.0.0.1 - - [02/Jun/2025 17:38:19] "[36mGET /static/images/rosarina.png HTTP/1.1[0m" 304 -
2025-06-02 17:38:19,230 INFO: 127.0.0.1 - - [02/Jun/2025 17:38:19] "[36mGET /static/images/juanlacaze.png HTTP/1.1[0m" 304 -
2025-06-02 17:38:19,238 INFO: 127.0.0.1 - - [02/Jun/2025 17:38:19] "[36mGET /static/images/CEEC.png HTTP/1.1[0m" 304 -
2025-06-02 17:38:19,240 INFO: 127.0.0.1 - - [02/Jun/2025 17:38:19] "[36mGET /static/images/elparque.png HTTP/1.1[0m" 304 -
2025-06-02 17:38:19,242 INFO: 127.0.0.1 - - [02/Jun/2025 17:38:19] "[36mGET /static/images/independiente.png HTTP/1.1[0m" 304 -
2025-06-02 17:38:19,242 INFO: 127.0.0.1 - - [02/Jun/2025 17:38:19] "[36mGET /static/images/rosario_atletico.png HTTP/1.1[0m" 304 -
2025-06-02 17:38:19,243 INFO: 127.0.0.1 - - [02/Jun/2025 17:38:19] "[36mGET /static/images/reformers.png HTTP/1.1[0m" 304 -
2025-06-02 17:38:19,244 INFO: 127.0.0.1 - - [02/Jun/2025 17:38:19] "[36mGET /static/images/pe√±arol.png HTTP/1.1[0m" 304 -
2025-06-02 17:38:39,897 INFO: 127.0.0.1 - - [02/Jun/2025 17:38:39] "[32mGET /logout HTTP/1.1[0m" 302 -
2025-06-02 17:38:39,908 INFO: 127.0.0.1 - - [02/Jun/2025 17:38:39] "GET / HTTP/1.1" 200 -
2025-06-02 17:38:39,941 INFO: 127.0.0.1 - - [02/Jun/2025 17:38:39] "[36mGET /static/images/rosarina.png HTTP/1.1[0m" 304 -
2025-06-02 17:38:39,942 INFO: 127.0.0.1 - - [02/Jun/2025 17:38:39] "[36mGET /static/images/juanlacaze.png HTTP/1.1[0m" 304 -
2025-06-02 17:38:39,956 INFO: 127.0.0.1 - - [02/Jun/2025 17:38:39] "[36mGET /static/images/CEEC.png HTTP/1.1[0m" 304 -
2025-06-02 17:38:39,957 INFO: 127.0.0.1 - - [02/Jun/2025 17:38:39] "[36mGET /static/images/independiente.png HTTP/1.1[0m" 304 -
2025-06-02 17:38:39,957 INFO: 127.0.0.1 - - [02/Jun/2025 17:38:39] "[36mGET /static/images/elparque.png HTTP/1.1[0m" 304 -
2025-06-02 17:38:39,959 INFO: 127.0.0.1 - - [02/Jun/2025 17:38:39] "[36mGET /static/images/rosario_atletico.png HTTP/1.1[0m" 304 -
2025-06-02 17:38:39,959 INFO: 127.0.0.1 - - [02/Jun/2025 17:38:39] "[36mGET /static/images/pe√±arol.png HTTP/1.1[0m" 304 -
2025-06-02 17:38:39,961 INFO: 127.0.0.1 - - [02/Jun/2025 17:38:39] "[36mGET /static/images/reformers.png HTTP/1.1[0m" 304 -
2025-06-02 17:38:44,205 INFO: 127.0.0.1 - - [02/Jun/2025 17:38:44] "GET /estadisticas HTTP/1.1" 200 -
2025-06-02 17:38:44,230 INFO: 127.0.0.1 - - [02/Jun/2025 17:38:44] "[36mGET /static/images/rosarina.png HTTP/1.1[0m" 304 -
2025-06-02 17:38:44,235 INFO: 127.0.0.1 - - [02/Jun/2025 17:38:44] "[36mGET /static/images/juanlacaze.png HTTP/1.1[0m" 304 -
2025-06-02 17:38:44,241 INFO: 127.0.0.1 - - [02/Jun/2025 17:38:44] "[36mGET /static/images/rosario_atletico.png HTTP/1.1[0m" 304 -
2025-06-02 17:38:44,241 INFO: 127.0.0.1 - - [02/Jun/2025 17:38:44] "[36mGET /static/images/CEEC.png HTTP/1.1[0m" 304 -
2025-06-02 17:38:44,242 INFO: 127.0.0.1 - - [02/Jun/2025 17:38:44] "[36mGET /static/images/independiente.png HTTP/1.1[0m" 304 -
2025-06-02 17:38:44,243 INFO: 127.0.0.1 - - [02/Jun/2025 17:38:44] "[36mGET /static/images/elparque.png HTTP/1.1[0m" 304 -
2025-06-02 17:38:44,245 INFO: 127.0.0.1 - - [02/Jun/2025 17:38:44] "[36mGET /static/images/reformers.png HTTP/1.1[0m" 304 -
2025-06-02 17:38:44,246 INFO: 127.0.0.1 - - [02/Jun/2025 17:38:44] "[36mGET /static/images/pe√±arol.png HTTP/1.1[0m" 304 -
2025-06-02 17:42:43,677 INFO: [31m[1mWARNING: This is a development server. Do not use it in a production deployment. Use a production WSGI server instead.[0m
 * Running on http://127.0.0.1:5000
2025-06-02 17:42:43,677 INFO: [33mPress CTRL+C to quit[0m
2025-06-02 17:42:45,713 INFO: 127.0.0.1 - - [02/Jun/2025 17:42:45] "GET /estadisticas HTTP/1.1" 200 -
2025-06-02 17:42:45,759 INFO: 127.0.0.1 - - [02/Jun/2025 17:42:45] "[36mGET /static/images/CEEC.png HTTP/1.1[0m" 304 -
2025-06-02 17:42:45,759 INFO: 127.0.0.1 - - [02/Jun/2025 17:42:45] "[36mGET /static/images/rosarina.png HTTP/1.1[0m" 304 -
2025-06-02 17:42:45,761 INFO: 127.0.0.1 - - [02/Jun/2025 17:42:45] "[36mGET /static/images/juanlacaze.png HTTP/1.1[0m" 304 -
2025-06-02 17:42:45,762 INFO: 127.0.0.1 - - [02/Jun/2025 17:42:45] "[36mGET /static/images/independiente.png HTTP/1.1[0m" 304 -
2025-06-02 17:42:45,763 INFO: 127.0.0.1 - - [02/Jun/2025 17:42:45] "[36mGET /static/images/rosario_atletico.png HTTP/1.1[0m" 304 -
2025-06-02 17:42:45,763 INFO: 127.0.0.1 - - [02/Jun/2025 17:42:45] "[36mGET /static/images/elparque.png HTTP/1.1[0m" 304 -
2025-06-02 17:42:45,772 INFO: 127.0.0.1 - - [02/Jun/2025 17:42:45] "[36mGET /static/images/pe√±arol.png HTTP/1.1[0m" 304 -
2025-06-02 17:42:45,773 INFO: 127.0.0.1 - - [02/Jun/2025 17:42:45] "[36mGET /static/images/reformers.png HTTP/1.1[0m" 304 -
2025-06-02 17:43:16,985 INFO: [31m[1mWARNING: This is a development server. Do not use it in a production deployment. Use a production WSGI server instead.[0m
 * Running on http://127.0.0.1:5000
2025-06-02 17:43:16,985 INFO: [33mPress CTRL+C to quit[0m
2025-06-02 17:43:19,141 INFO: 127.0.0.1 - - [02/Jun/2025 17:43:19] "GET /estadisticas HTTP/1.1" 200 -
2025-06-02 17:43:19,172 INFO: 127.0.0.1 - - [02/Jun/2025 17:43:19] "[36mGET /static/images/rosarina.png HTTP/1.1[0m" 304 -
2025-06-02 17:43:19,174 INFO: 127.0.0.1 - - [02/Jun/2025 17:43:19] "[36mGET /static/images/juanlacaze.png HTTP/1.1[0m" 304 -
2025-06-02 17:43:19,175 INFO: 127.0.0.1 - - [02/Jun/2025 17:43:19] "[36mGET /static/images/CEEC.png HTTP/1.1[0m" 304 -
2025-06-02 17:43:19,177 INFO: 127.0.0.1 - - [02/Jun/2025 17:43:19] "[36mGET /static/images/independiente.png HTTP/1.1[0m" 304 -
2025-06-02 17:43:19,181 INFO: 127.0.0.1 - - [02/Jun/2025 17:43:19] "[36mGET /static/images/rosario_atletico.png HTTP/1.1[0m" 304 -
2025-06-02 17:43:19,182 INFO: 127.0.0.1 - - [02/Jun/2025 17:43:19] "[36mGET /static/images/elparque.png HTTP/1.1[0m" 304 -
2025-06-02 17:43:19,188 INFO: 127.0.0.1 - - [02/Jun/2025 17:43:19] "[36mGET /static/images/pe√±arol.png HTTP/1.1[0m" 304 -
2025-06-02 17:43:19,188 INFO: 127.0.0.1 - - [02/Jun/2025 17:43:19] "[36mGET /static/images/reformers.png HTTP/1.1[0m" 304 -
2025-06-02 17:44:12,634 INFO: 127.0.0.1 - - [02/Jun/2025 17:44:12] "GET / HTTP/1.1" 200 -
2025-06-02 17:44:12,692 INFO: 127.0.0.1 - - [02/Jun/2025 17:44:12] "[36mGET /static/images/rosarina.png HTTP/1.1[0m" 304 -
2025-06-02 17:44:12,695 INFO: 127.0.0.1 - - [02/Jun/2025 17:44:12] "[36mGET /static/images/juanlacaze.png HTTP/1.1[0m" 304 -
2025-06-02 17:44:12,704 INFO: 127.0.0.1 - - [02/Jun/2025 17:44:12] "[36mGET /static/images/CEEC.png HTTP/1.1[0m" 304 -
2025-06-02 17:44:12,708 INFO: 127.0.0.1 - - [02/Jun/2025 17:44:12] "[36mGET /static/images/elparque.png HTTP/1.1[0m" 304 -
2025-06-02 17:44:12,711 INFO: 127.0.0.1 - - [02/Jun/2025 17:44:12] "[36mGET /static/images/independiente.png HTTP/1.1[0m" 304 -
2025-06-02 17:44:12,715 INFO: 127.0.0.1 - - [02/Jun/2025 17:44:12] "[36mGET /static/images/rosario_atletico.png HTTP/1.1[0m" 304 -
2025-06-02 17:44:12,719 INFO: 127.0.0.1 - - [02/Jun/2025 17:44:12] "[36mGET /static/images/reformers.png HTTP/1.1[0m" 304 -
2025-06-02 17:44:12,719 INFO: 127.0.0.1 - - [02/Jun/2025 17:44:12] "[36mGET /static/images/pe√±arol.png HTTP/1.1[0m" 304 -
2025-06-02 17:44:28,104 INFO: 127.0.0.1 - - [02/Jun/2025 17:44:28] "GET /estadisticas HTTP/1.1" 200 -
2025-06-02 17:44:28,133 INFO: 127.0.0.1 - - [02/Jun/2025 17:44:28] "[36mGET /static/images/rosarina.png HTTP/1.1[0m" 304 -
2025-06-02 17:44:28,138 INFO: 127.0.0.1 - - [02/Jun/2025 17:44:28] "[36mGET /static/images/juanlacaze.png HTTP/1.1[0m" 304 -
2025-06-02 17:44:28,140 INFO: 127.0.0.1 - - [02/Jun/2025 17:44:28] "[36mGET /static/images/independiente.png HTTP/1.1[0m" 304 -
2025-06-02 17:44:28,143 INFO: 127.0.0.1 - - [02/Jun/2025 17:44:28] "[36mGET /static/images/CEEC.png HTTP/1.1[0m" 304 -
2025-06-02 17:44:28,143 INFO: 127.0.0.1 - - [02/Jun/2025 17:44:28] "[36mGET /static/images/rosario_atletico.png HTTP/1.1[0m" 304 -
2025-06-02 17:44:28,144 INFO: 127.0.0.1 - - [02/Jun/2025 17:44:28] "[36mGET /static/images/elparque.png HTTP/1.1[0m" 304 -
2025-06-02 17:44:28,147 INFO: 127.0.0.1 - - [02/Jun/2025 17:44:28] "[36mGET /static/images/pe√±arol.png HTTP/1.1[0m" 304 -
2025-06-02 17:44:28,152 INFO: 127.0.0.1 - - [02/Jun/2025 17:44:28] "[36mGET /static/images/reformers.png HTTP/1.1[0m" 304 -
2025-06-02 17:45:42,696 INFO: 127.0.0.1 - - [02/Jun/2025 17:45:42] "GET / HTTP/1.1" 200 -
2025-06-02 17:45:42,742 INFO: 127.0.0.1 - - [02/Jun/2025 17:45:42] "[36mGET /static/images/rosarina.png HTTP/1.1[0m" 304 -
2025-06-02 17:45:42,746 INFO: 127.0.0.1 - - [02/Jun/2025 17:45:42] "[36mGET /static/images/juanlacaze.png HTTP/1.1[0m" 304 -
2025-06-02 17:45:42,756 INFO: 127.0.0.1 - - [02/Jun/2025 17:45:42] "[36mGET /static/images/CEEC.png HTTP/1.1[0m" 304 -
2025-06-02 17:45:42,757 INFO: 127.0.0.1 - - [02/Jun/2025 17:45:42] "[36mGET /static/images/elparque.png HTTP/1.1[0m" 304 -
2025-06-02 17:45:42,758 INFO: 127.0.0.1 - - [02/Jun/2025 17:45:42] "[36mGET /static/images/independiente.png HTTP/1.1[0m" 304 -
2025-06-02 17:45:42,759 INFO: 127.0.0.1 - - [02/Jun/2025 17:45:42] "[36mGET /static/images/rosario_atletico.png HTTP/1.1[0m" 304 -
2025-06-02 17:45:42,761 INFO: 127.0.0.1 - - [02/Jun/2025 17:45:42] "[36mGET /static/images/pe√±arol.png HTTP/1.1[0m" 304 -
2025-06-02 17:45:42,762 INFO: 127.0.0.1 - - [02/Jun/2025 17:45:42] "[36mGET /static/images/reformers.png HTTP/1.1[0m" 304 -
2025-06-02 17:45:47,265 INFO: 127.0.0.1 - - [02/Jun/2025 17:45:47] "GET /estadisticas HTTP/1.1" 200 -
2025-06-02 17:45:47,306 INFO: 127.0.0.1 - - [02/Jun/2025 17:45:47] "[36mGET /static/images/rosarina.png HTTP/1.1[0m" 304 -
2025-06-02 17:45:47,308 INFO: 127.0.0.1 - - [02/Jun/2025 17:45:47] "[36mGET /static/images/juanlacaze.png HTTP/1.1[0m" 304 -
2025-06-02 17:45:47,308 INFO: 127.0.0.1 - - [02/Jun/2025 17:45:47] "[36mGET /static/images/CEEC.png HTTP/1.1[0m" 304 -
2025-06-02 17:45:47,312 INFO: 127.0.0.1 - - [02/Jun/2025 17:45:47] "[36mGET /static/images/independiente.png HTTP/1.1[0m" 304 -
2025-06-02 17:45:47,312 INFO: 127.0.0.1 - - [02/Jun/2025 17:45:47] "[36mGET /static/images/elparque.png HTTP/1.1[0m" 304 -
2025-06-02 17:45:47,315 INFO: 127.0.0.1 - - [02/Jun/2025 17:45:47] "[36mGET /static/images/rosario_atletico.png HTTP/1.1[0m" 304 -
2025-06-02 17:45:47,317 INFO: 127.0.0.1 - - [02/Jun/2025 17:45:47] "[36mGET /static/images/pe√±arol.png HTTP/1.1[0m" 304 -
2025-06-02 17:45:47,318 INFO: 127.0.0.1 - - [02/Jun/2025 17:45:47] "[36mGET /static/images/reformers.png HTTP/1.1[0m" 304 -
2025-06-02 17:45:57,530 INFO: 127.0.0.1 - - [02/Jun/2025 17:45:57] "GET / HTTP/1.1" 200 -
2025-06-02 17:45:57,556 INFO: 127.0.0.1 - - [02/Jun/2025 17:45:57] "[36mGET /static/images/rosarina.png HTTP/1.1[0m" 304 -
2025-06-02 17:45:57,559 INFO: 127.0.0.1 - - [02/Jun/2025 17:45:57] "[36mGET /static/images/juanlacaze.png HTTP/1.1[0m" 304 -
2025-06-02 17:45:57,560 INFO: 127.0.0.1 - - [02/Jun/2025 17:45:57] "[36mGET /static/images/CEEC.png HTTP/1.1[0m" 304 -
2025-06-02 17:45:57,563 INFO: 127.0.0.1 - - [02/Jun/2025 17:45:57] "[36mGET /static/images/elparque.png HTTP/1.1[0m" 304 -
2025-06-02 17:45:57,565 INFO: 127.0.0.1 - - [02/Jun/2025 17:45:57] "[36mGET /static/images/rosario_atletico.png HTTP/1.1[0m" 304 -
2025-06-02 17:45:57,566 INFO: 127.0.0.1 - - [02/Jun/2025 17:45:57] "[36mGET /static/images/independiente.png HTTP/1.1[0m" 304 -
2025-06-02 17:45:57,567 INFO: 127.0.0.1 - - [02/Jun/2025 17:45:57] "[36mGET /static/images/pe√±arol.png HTTP/1.1[0m" 304 -
2025-06-02 17:45:57,568 INFO: 127.0.0.1 - - [02/Jun/2025 17:45:57] "[36mGET /static/images/reformers.png HTTP/1.1[0m" 304 -
2025-06-02 17:50:53,759 INFO: [31m[1mWARNING: This is a development server. Do not use it in a production deployment. Use a production WSGI server instead.[0m
 * Running on http://127.0.0.1:5000
2025-06-02 17:50:53,760 INFO: [33mPress CTRL+C to quit[0m
2025-06-02 17:50:57,629 INFO: 127.0.0.1 - - [02/Jun/2025 17:50:57] "GET / HTTP/1.1" 200 -
2025-06-02 17:50:57,670 INFO: 127.0.0.1 - - [02/Jun/2025 17:50:57] "[36mGET /static/images/elparque.png HTTP/1.1[0m" 304 -
2025-06-02 17:50:57,672 INFO: 127.0.0.1 - - [02/Jun/2025 17:50:57] "[36mGET /static/images/rosarina.png HTTP/1.1[0m" 304 -
2025-06-02 17:50:57,673 INFO: 127.0.0.1 - - [02/Jun/2025 17:50:57] "[36mGET /static/images/independiente.png HTTP/1.1[0m" 304 -
2025-06-02 17:50:57,673 INFO: 127.0.0.1 - - [02/Jun/2025 17:50:57] "[36mGET /static/images/rosario_atletico.png HTTP/1.1[0m" 304 -
2025-06-02 17:50:57,674 INFO: 127.0.0.1 - - [02/Jun/2025 17:50:57] "[36mGET /static/images/CEEC.png HTTP/1.1[0m" 304 -
2025-06-02 17:50:57,674 INFO: 127.0.0.1 - - [02/Jun/2025 17:50:57] "[36mGET /static/images/juanlacaze.png HTTP/1.1[0m" 304 -
2025-06-02 17:50:57,677 INFO: 127.0.0.1 - - [02/Jun/2025 17:50:57] "[36mGET /static/images/pe√±arol.png HTTP/1.1[0m" 304 -
2025-06-02 17:50:57,680 INFO: 127.0.0.1 - - [02/Jun/2025 17:50:57] "[36mGET /static/images/reformers.png HTTP/1.1[0m" 304 -
2025-06-02 17:51:05,843 INFO: 127.0.0.1 - - [02/Jun/2025 17:51:05] "GET /estadisticas HTTP/1.1" 200 -
2025-06-02 17:51:05,871 INFO: 127.0.0.1 - - [02/Jun/2025 17:51:05] "[36mGET /static/images/rosarina.png HTTP/1.1[0m" 304 -
2025-06-02 17:51:05,872 INFO: 127.0.0.1 - - [02/Jun/2025 17:51:05] "[36mGET /static/images/juanlacaze.png HTTP/1.1[0m" 304 -
2025-06-02 17:51:05,877 INFO: 127.0.0.1 - - [02/Jun/2025 17:51:05] "[36mGET /static/images/CEEC.png HTTP/1.1[0m" 304 -
2025-06-02 17:51:05,880 INFO: 127.0.0.1 - - [02/Jun/2025 17:51:05] "[36mGET /static/images/independiente.png HTTP/1.1[0m" 304 -
2025-06-02 17:51:05,881 INFO: 127.0.0.1 - - [02/Jun/2025 17:51:05] "[36mGET /static/images/rosario_atletico.png HTTP/1.1[0m" 304 -
2025-06-02 17:51:05,884 INFO: 127.0.0.1 - - [02/Jun/2025 17:51:05] "[36mGET /static/images/elparque.png HTTP/1.1[0m" 304 -
2025-06-02 17:51:05,885 INFO: 127.0.0.1 - - [02/Jun/2025 17:51:05] "[36mGET /static/images/pe√±arol.png HTTP/1.1[0m" 304 -
2025-06-02 17:51:05,886 INFO: 127.0.0.1 - - [02/Jun/2025 17:51:05] "[36mGET /static/images/reformers.png HTTP/1.1[0m" 304 -
